Book created at 2023-09-30 09:16:37.463951500
* Exhalation
 - Written by: Ted Chiang
 - Published: 2008-11-15
 - Id: 6b3aa41d-b1e6-4278-b63b-2f7a27b71efd
Book created at 2023-09-30 09:16:37.525167200
* Good Omens: The Nice and Accurate Prophecies of Agnes Nutter, Witch
 - Written by: Terry Pratchett & Neil Gaiman
 - Published: 1990-05-01
 - Id: b5d773c1-f716-4b32-837b-4cd410efc5bc
Book created at 2023-09-30 09:16:37.526174400
* Foundation
 - Written by: Isaac Asimov
 - Published: 1951-08-30
 - Id: ab21a386-7a3e-4e47-8557-2bfa18396a4c
Book created at 2023-09-30 09:16:37.527174600
* Foundation's Edge
 - Written by: Isaac Asimov
 - Published: 1982-10-28
 - Id: 9985c243-c427-49c4-8e43-6dcab531178c
Book created at 2023-09-30 09:16:37.531431
* The Hunger Games
 - Written by: Suzanne Collins
 - Published: 2008-09-14
 - Id: 81cbf4fd-21d1-4341-b3f8-a4f35f7dd7d4
Book created at 2023-09-30 09:16:37.532429100
* Going Postal
 - Written by: Terry Pratchett
 - Published: 2004-09-25
 - Id: 7b480e59-17d1-4313-82a3-b7dedb383e7b
Book created at 2023-09-30 09:16:37.534435800
* Making Money
 - Written by: Terry Pratchett
 - Published: 2007-09-18
 - Id: f841be83-805f-4ab1-ba21-24f39a0b5ea1
Book created at 2023-09-30 09:16:37.537471100
* Stranger in a Strange Land
 - Written by: Robert A. Heinlein
 - Published: 1961-06-01
 - Id: 10cbc1fd-ed1c-457d-b455-fdee6437353f
Book created at 2023-09-30 09:16:37.543974600
* Exhalation
 - Written by: Ted Chiang
 - Published: 2008-11-15
 - Id: 9728a495-97e9-4d80-87ae-8e0fb83a9c3d
Book created at 2023-09-30 09:16:37.556145200
* Good Omens: The Nice and Accurate Prophecies of Agnes Nutter, Witch
 - Written by: Terry Pratchett & Neil Gaiman
 - Published: 1990-05-01
 - Id: 4e3c5be3-8041-4efe-96af-f748c549d41f
Book created at 2023-09-30 09:16:37.558145700
* The Hitchhiker's Guide to the Galaxy
 - Written by: Douglas Adams
 - Published: 1979-10-12
 - Id: 2542a6e2-e577-4e27-8256-365372d2ec0d
Book created at 2023-09-30 09:16:37.559360900
* Animal Farm
 - Written by: George Orwell
 - Published: 1945-08-17
 - Id: 5729962f-398b-4c04-9424-f8d68a498133
Book created at 2023-09-30 09:16:37.562794100
* Jurassic Park
 - Written by: Michael Crichton
 - Published: 1990-11-20
 - Id: dd810cf0-b4d4-4ccd-842c-bfbc0dad8dd0
Book created at 2023-09-30 09:16:37.563802500
* The Hitchhiker's Guide to the Galaxy
 - Written by: Douglas Adams
 - Published: 1979-10-12
 - Id: afdfbf1e-d086-4a94-8265-eeb7c836a74b
Book created at 2023-09-30 09:16:37.566309
* Oh, the Places You'll Go!
 - Written by: Dr. Seuss
 - Published: 1990-01-22
 - Id: 55e0b4a2-2b4e-44e4-860c-227c13dfa261
Book created at 2023-09-30 09:16:37.570320300
* Stranger in a Strange Land
 - Written by: Robert A. Heinlein
 - Published: 1961-06-01
 - Id: 9e4f1d08-25e7-4cbf-af17-5a62ecf3c727
Book created at 2023-09-30 09:16:37.570320300
* The Moon is a Harsh Mistress
 - Written by: Robert A. Heinlein
 - Published: 1966-06-02
 - Id: c8c08ad0-1176-4996-a315-a4f64670dc4b
Book created at 2023-09-30 09:16:37.573316800
* Going Postal
 - Written by: Terry Pratchett
 - Published: 2004-09-25
 - Id: 36e87106-cb07-4803-a160-78d060892186
Book created at 2023-09-30 09:16:37.575316400
* Raising Steam
 - Written by: Terry Pratchett
 - Published: 2013-11-07
 - Id: 12e7d85c-b44c-462e-b419-dc3d0e524fa4
Book created at 2023-09-30 09:16:37.577316700
* Making Money
 - Written by: Terry Pratchett
 - Published: 2007-09-18
 - Id: 5d36c3f1-5c74-4b7d-9858-4846d9d0123d
Book created at 2023-09-30 09:16:37.580316400
* The Fellowship of the Ring
 - Written by: J. R. R. Tolkien
 - Published: 1954-07-29
 - Id: 189adaab-d526-4a3e-86b8-8988794d7ca3
Book created at 2023-09-30 09:16:37.582327100
* The Two Towers
 - Written by: J. R. R. Tolkien
 - Published: 1954-11-11
 - Id: f11f9c0f-29f1-4eac-b6cd-6c5f21833a8c
Book created at 2023-09-30 09:16:37.582327100
* The Return of the King
 - Written by: J. R. R. Tolkien
 - Published: 1955-10-20
 - Id: 99da21fa-7d98-45d4-9871-61bd2e22010b
Book created at 2023-09-30 09:16:37.589323800
* Oh, the Places You'll Go!
 - Written by: Dr. Seuss
 - Published: 1990-01-22
 - Id: 6bff51b6-131f-49cb-aa15-8fc8e6c6f534
Book created at 2023-09-30 09:16:37.590327
* The Fellowship of the Ring
 - Written by: J. R. R. Tolkien
 - Published: 1954-07-29
 - Id: 68ac6bef-a741-4a1e-a693-acb516a0fc7c
Book created at 2023-09-30 09:16:37.592328300
* The Two Towers
 - Written by: J. R. R. Tolkien
 - Published: 1954-11-11
 - Id: 0f67f70e-c772-482d-991f-8403272c1ac0
Book created at 2023-09-30 09:16:37.593315600
* The Return of the King
 - Written by: J. R. R. Tolkien
 - Published: 1955-10-20
 - Id: e0257c39-cebb-4f44-9bcc-d090d62a8463
Book created at 2023-09-30 09:16:37.597318300
* The Hunger Games
 - Written by: Suzanne Collins
 - Published: 2008-09-14
 - Id: 612c8c3c-5551-4acd-9386-2e8330406972
Book created at 2023-09-30 09:16:37.604317700
* Piranesi
 - Written by: Susanna Clarke
 - Published: 2020-09-15
 - Id: 73d48e28-a402-48eb-9a98-63a6e1197fab
Book created at 2023-09-30 09:16:37.606316
* Once Upon an Algorithm
 - Written by: Martin Erwig
 - Published: 2017-08-11
 - Id: 3c62fdac-38d7-449f-b8bb-de5c4f44c320
Book created at 2023-09-30 09:16:37.627317500
* Raising Steam
 - Written by: Terry Pratchett
 - Published: 2013-11-07
 - Id: 875b9d01-c045-4abc-911c-2b67326e5214
Book created at 2023-09-30 09:16:37.628315500
* Making Money
 - Written by: Terry Pratchett
 - Published: 2007-09-18
 - Id: 93cabbb7-567b-4b8a-ab32-7f1d8012e12f
Book created at 2023-09-30 09:16:37.629324400
* Going Postal
 - Written by: Terry Pratchett
 - Published: 2004-09-25
 - Id: f882147c-ff95-4719-b2c8-c0752b5137f0
Book created at 2023-09-30 09:16:37.630328500
* Exhalation
 - Written by: Ted Chiang
 - Published: 2008-11-15
 - Id: 2604ceb8-beb4-4064-80b4-b25859078bb8
Book created at 2023-09-30 09:16:37.631321300
* Jurassic Park
 - Written by: Michael Crichton
 - Published: 1990-11-20
 - Id: fb92fa21-6b2e-4370-8153-ae39931bdb7b
Book created at 2023-09-30 09:16:37.632320900
* Good Omens: The Nice and Accurate Prophecies of Agnes Nutter, Witch
 - Written by: Terry Pratchett & Neil Gaiman
 - Published: 1990-05-01
 - Id: 9bd8fd02-b3f9-4344-9c2a-71eb9723b5b8
Book created at 2023-09-30 09:16:37.633337400
* The Hitchhiker's Guide to the Galaxy
 - Written by: Douglas Adams
 - Published: 1979-10-12
 - Id: 71cdc4fe-fa21-4297-a7be-a90b9d972d54
Book created at 2023-09-30 09:16:37.634323800
* The Two Towers
 - Written by: J. R. R. Tolkien
 - Published: 1954-11-11
 - Id: 7370d038-278b-47e0-baa7-accd1d0ecb75
Book created at 2023-09-30 09:16:37.635322100
* The Fellowship of the Ring
 - Written by: J. R. R. Tolkien
 - Published: 1954-07-29
 - Id: bc8e4e5c-af19-4c47-a6c7-fc27b7a5bfae
Book created at 2023-09-30 09:16:37.636323200
* The Return of the King
 - Written by: J. R. R. Tolkien
 - Published: 1955-10-20
 - Id: ab7e7dc4-5ef9-4f56-bff6-f497e4dbad5d
Book created at 2023-09-30 09:16:37.636323200
* Animal Farm
 - Written by: George Orwell
 - Published: 1945-08-17
 - Id: 00bfd452-5d4c-49a3-b6f7-6e76df4c36b2
Book created at 2023-09-30 09:16:37.637325100
* Racing the Beam
 - Written by: Nick Montfort and Ian Bogost
 - Published: 2009-03-01
 - Id: 9849dcb6-5a96-47da-b6e9-69d513d8f1db
Book created at 2023-09-30 09:16:37.638328200
* Programming for the Puzzled
 - Written by: Srini Devadas
 - Published: 2017-11-09
 - Id: 76a06dbc-23ea-4b88-b6ee-dbcbbeaedb15
Book created at 2023-09-30 09:16:37.638328200
* Once Upon an Algorithm
 - Written by: Martin Erwig
 - Published: 2017-08-11
 - Id: fb72587a-8d62-4f39-84ff-5d270779a538
Book created at 2023-09-30 09:16:37.640320700
* The Moon is a Harsh Mistress
 - Written by: Robert A. Heinlein
 - Published: 1966-06-02
 - Id: 7af29cee-071c-4a2d-9b8f-69272b248a21
Book created at 2023-09-30 09:16:37.641324400
* Stranger in a Strange Land
 - Written by: Robert A. Heinlein
 - Published: 1961-06-01
 - Id: 1a802930-16ca-4272-a64c-5ddf5045d036
Book created at 2023-09-30 09:17:24.708246700
* Exhalation
 - Written by: Ted Chiang
 - Published: 2008-11-15
 - Id: 5b74866d-afdf-4e62-871e-4ac256173b1c
Book created at 2023-09-30 09:17:24.771237600
* Good Omens: The Nice and Accurate Prophecies of Agnes Nutter, Witch
 - Written by: Terry Pratchett & Neil Gaiman
 - Published: 1990-05-01
 - Id: 8dfac0ea-f7e9-46cc-aadc-d405b824b65e
Book created at 2023-09-30 09:17:24.772237400
* Foundation
 - Written by: Isaac Asimov
 - Published: 1951-08-30
 - Id: 2492d151-3948-4980-b70d-e89982d64c64
Book created at 2023-09-30 09:17:24.773237100
* Foundation's Edge
 - Written by: Isaac Asimov
 - Published: 1982-10-28
 - Id: ac8e1484-e74a-49e7-9047-a9b169529fbc
Book created at 2023-09-30 09:17:24.778653300
* The Hunger Games
 - Written by: Suzanne Collins
 - Published: 2008-09-14
 - Id: 011e06b3-1e09-449d-a5a1-83be019c2315
Book created at 2023-09-30 09:17:24.779661100
* Going Postal
 - Written by: Terry Pratchett
 - Published: 2004-09-25
 - Id: 6c385c39-0285-4d43-a35e-f06925c28ed9
Book created at 2023-09-30 09:17:24.783661400
* Making Money
 - Written by: Terry Pratchett
 - Published: 2007-09-18
 - Id: 040b8d4b-be70-493c-9c17-61773fdf1433
Book created at 2023-09-30 09:17:24.787173200
* Stranger in a Strange Land
 - Written by: Robert A. Heinlein
 - Published: 1961-06-01
 - Id: c8ba246f-5fbf-4820-9484-b0da39093f85
Book created at 2023-09-30 09:17:24.794173600
* Exhalation
 - Written by: Ted Chiang
 - Published: 2008-11-15
 - Id: d289ab33-702c-4195-9238-641fc150eb48
Book created at 2023-09-30 09:17:24.810688600
* Good Omens: The Nice and Accurate Prophecies of Agnes Nutter, Witch
 - Written by: Terry Pratchett & Neil Gaiman
 - Published: 1990-05-01
 - Id: 5f41c23b-0b53-452d-8fd8-c7915ab6bdea
Book created at 2023-09-30 09:17:24.813687300
* The Hitchhiker's Guide to the Galaxy
 - Written by: Douglas Adams
 - Published: 1979-10-12
 - Id: bdf1d7a3-c65b-402b-9e38-b5edc22568af
Book created at 2023-09-30 09:17:24.814686500
* Animal Farm
 - Written by: George Orwell
 - Published: 1945-08-17
 - Id: 0328be1c-8289-41cc-9a51-a734ee6b3913
Book created at 2023-09-30 09:17:24.817687200
* Jurassic Park
 - Written by: Michael Crichton
 - Published: 1990-11-20
 - Id: 3c7bee27-cdec-4fb4-b214-cba2e23aabab
Book created at 2023-09-30 09:17:24.818683700
* The Hitchhiker's Guide to the Galaxy
 - Written by: Douglas Adams
 - Published: 1979-10-12
 - Id: 6295429b-a220-42ca-844c-a87974757340
Book created at 2023-09-30 09:17:24.821683800
* Oh, the Places You'll Go!
 - Written by: Dr. Seuss
 - Published: 1990-01-22
 - Id: aff1df2e-ec31-4fa7-beef-232a5cf9cd8a
Book created at 2023-09-30 09:17:24.827231300
* Stranger in a Strange Land
 - Written by: Robert A. Heinlein
 - Published: 1961-06-01
 - Id: 659b9035-f1de-4863-8250-a899812a0071
Book created at 2023-09-30 09:17:24.828254500
* The Moon is a Harsh Mistress
 - Written by: Robert A. Heinlein
 - Published: 1966-06-02
 - Id: 13196070-ed85-4cba-aa4f-545c3b64649b
Book created at 2023-09-30 09:17:24.833244700
* Going Postal
 - Written by: Terry Pratchett
 - Published: 2004-09-25
 - Id: 83b3f3b2-335a-4950-9038-6df80bff1a3c
Book created at 2023-09-30 09:17:24.836240800
* Raising Steam
 - Written by: Terry Pratchett
 - Published: 2013-11-07
 - Id: be39e6a3-53d6-4d39-8d2f-59ee391bb5c5
Book created at 2023-09-30 09:17:24.838746800
* Making Money
 - Written by: Terry Pratchett
 - Published: 2007-09-18
 - Id: 811b88c2-d3f9-42ba-919b-084802133d0a
Book created at 2023-09-30 09:17:24.841772500
* The Fellowship of the Ring
 - Written by: J. R. R. Tolkien
 - Published: 1954-07-29
 - Id: 831d6eeb-ca8c-44c6-b73a-9404284f8bcf
Book created at 2023-09-30 09:17:24.843751400
* The Two Towers
 - Written by: J. R. R. Tolkien
 - Published: 1954-11-11
 - Id: ce90482e-c54a-48bd-b119-303ad43488f5
Book created at 2023-09-30 09:17:24.843751400
* The Return of the King
 - Written by: J. R. R. Tolkien
 - Published: 1955-10-20
 - Id: f50643f4-2e94-4a2d-ad56-749525ed30ea
Book created at 2023-09-30 09:17:24.856751
* Oh, the Places You'll Go!
 - Written by: Dr. Seuss
 - Published: 1990-01-22
 - Id: ef5f5f99-0689-478f-986f-d9b7602fa68b
Book created at 2023-09-30 09:17:24.858753700
* The Fellowship of the Ring
 - Written by: J. R. R. Tolkien
 - Published: 1954-07-29
 - Id: 48954993-ef2c-4746-aacd-436dce5e2f82
Book created at 2023-09-30 09:17:24.859751400
* The Two Towers
 - Written by: J. R. R. Tolkien
 - Published: 1954-11-11
 - Id: c7f2d013-38f5-42c0-9330-ce19a3174f01
Book created at 2023-09-30 09:17:24.860752200
* The Return of the King
 - Written by: J. R. R. Tolkien
 - Published: 1955-10-20
 - Id: 50638085-e39d-4b54-bf4a-b373dfe43f2d
Book created at 2023-09-30 09:17:24.865139200
* The Hunger Games
 - Written by: Suzanne Collins
 - Published: 2008-09-14
 - Id: 72628c1c-77ff-4737-a0f4-0a69c1b76d13
Book created at 2023-09-30 09:17:24.872162
* Piranesi
 - Written by: Susanna Clarke
 - Published: 2020-09-15
 - Id: 546a01cf-ec3f-4f26-ab92-b2ff59fe3c45
Book created at 2023-09-30 09:17:24.874139
* Once Upon an Algorithm
 - Written by: Martin Erwig
 - Published: 2017-08-11
 - Id: 608ae74c-a451-4d56-b406-28e4ed794c42
Book created at 2023-09-30 09:17:24.901139600
* Raising Steam
 - Written by: Terry Pratchett
 - Published: 2013-11-07
 - Id: 1a99f5ec-fac8-4c9d-b708-ac58d4a76418
Book created at 2023-09-30 09:17:24.903142900
* Making Money
 - Written by: Terry Pratchett
 - Published: 2007-09-18
 - Id: 772e62c6-4377-4887-8890-45ff8b80b74f
Book created at 2023-09-30 09:17:24.904151400
* Going Postal
 - Written by: Terry Pratchett
 - Published: 2004-09-25
 - Id: 0522f2ef-7fb0-4638-8199-fe8fe2087f1c
Book created at 2023-09-30 09:17:24.905147300
* Exhalation
 - Written by: Ted Chiang
 - Published: 2008-11-15
 - Id: e80d11e0-c41b-47ac-9898-575b1a2d578c
Book created at 2023-09-30 09:17:24.907141400
* Jurassic Park
 - Written by: Michael Crichton
 - Published: 1990-11-20
 - Id: 3428eb30-0921-4661-89e2-3897fdc1f92b
Book created at 2023-09-30 09:17:24.908142100
* Good Omens: The Nice and Accurate Prophecies of Agnes Nutter, Witch
 - Written by: Terry Pratchett & Neil Gaiman
 - Published: 1990-05-01
 - Id: 51f22a28-5096-4f5e-99cc-572cc5330657
Book created at 2023-09-30 09:17:24.909137900
* The Hitchhiker's Guide to the Galaxy
 - Written by: Douglas Adams
 - Published: 1979-10-12
 - Id: 8ab941c4-23ee-43d3-8f3c-f857d4c3712a
Book created at 2023-09-30 09:17:24.911142800
* The Two Towers
 - Written by: J. R. R. Tolkien
 - Published: 1954-11-11
 - Id: c4697fc7-0c17-4697-b651-b383f0b37283
Book created at 2023-09-30 09:17:24.913146600
* The Fellowship of the Ring
 - Written by: J. R. R. Tolkien
 - Published: 1954-07-29
 - Id: c6d1b5a6-d104-476c-a143-c3287ca81455
Book created at 2023-09-30 09:17:24.914150400
* The Return of the King
 - Written by: J. R. R. Tolkien
 - Published: 1955-10-20
 - Id: c94d8f2e-2a4a-41f8-9cb7-7829c7d09550
Book created at 2023-09-30 09:17:24.915606
* Animal Farm
 - Written by: George Orwell
 - Published: 1945-08-17
 - Id: eb05d9e3-b2a1-4acd-b13b-b213e30b27a1
Book created at 2023-09-30 09:17:24.918614700
* Racing the Beam
 - Written by: Nick Montfort and Ian Bogost
 - Published: 2009-03-01
 - Id: f573f95d-1c63-4c4c-a9be-2330fbb99d2e
Book created at 2023-09-30 09:17:24.920614600
* Programming for the Puzzled
 - Written by: Srini Devadas
 - Published: 2017-11-09
 - Id: e5c9e1d6-1c35-488a-9797-a3e5ae0e2403
Book created at 2023-09-30 09:17:24.922665300
* Once Upon an Algorithm
 - Written by: Martin Erwig
 - Published: 2017-08-11
 - Id: c303564b-4837-4b12-9b4b-82e8c7b774a2
Book created at 2023-09-30 09:17:24.925667900
* The Moon is a Harsh Mistress
 - Written by: Robert A. Heinlein
 - Published: 1966-06-02
 - Id: 7acbc22a-e223-4a26-8316-83b8127fceae
Book created at 2023-09-30 09:17:24.926667600
* Stranger in a Strange Land
 - Written by: Robert A. Heinlein
 - Published: 1961-06-01
 - Id: 3d2b4125-5a3e-4dd7-89ae-8744616f78ef
Book created at 2023-09-30 09:17:39.007075100
* Exhalation
 - Written by: Ted Chiang
 - Published: 2008-11-15
 - Id: 6d2a9022-2eaa-4624-953e-eaa153e158a8
Book created at 2023-09-30 09:17:39.105901800
* Good Omens: The Nice and Accurate Prophecies of Agnes Nutter, Witch
 - Written by: Terry Pratchett & Neil Gaiman
 - Published: 1990-05-01
 - Id: 86bf34ef-2880-44dd-9759-22cc9fe5eb3e
Book created at 2023-09-30 09:17:39.108926
* Foundation
 - Written by: Isaac Asimov
 - Published: 1951-08-30
 - Id: 1a29f214-3342-4700-832c-dff6abe4bd95
Book created at 2023-09-30 09:17:39.111943400
* Foundation's Edge
 - Written by: Isaac Asimov
 - Published: 1982-10-28
 - Id: 7be0eabf-df0e-4a15-8673-90fe961792be
Book created at 2023-09-30 09:17:39.121916900
* The Hunger Games
 - Written by: Suzanne Collins
 - Published: 2008-09-14
 - Id: da88772b-4f98-4de4-af46-4dd97544839d
Book created at 2023-09-30 09:17:39.122916700
* Going Postal
 - Written by: Terry Pratchett
 - Published: 2004-09-25
 - Id: a164873c-6a1b-4888-b7ce-513d9fd4073f
Book created at 2023-09-30 09:17:39.128991400
* Making Money
 - Written by: Terry Pratchett
 - Published: 2007-09-18
 - Id: f1ef0006-1951-4654-8e87-d8a84d5040d3
Book created at 2023-09-30 09:17:39.141345
* Stranger in a Strange Land
 - Written by: Robert A. Heinlein
 - Published: 1961-06-01
 - Id: ad642724-4ae2-4721-ab34-5f255198b00e
Book created at 2023-09-30 09:17:39.154334100
* Exhalation
 - Written by: Ted Chiang
 - Published: 2008-11-15
 - Id: cd50f1b0-cf9b-4f66-af7b-9d4d5a9a087f
Book created at 2023-09-30 09:17:39.195243900
* Good Omens: The Nice and Accurate Prophecies of Agnes Nutter, Witch
 - Written by: Terry Pratchett & Neil Gaiman
 - Published: 1990-05-01
 - Id: 2a86d4ce-bfb9-4211-8c01-d8f97322e9a0
Book created at 2023-09-30 09:17:39.206805800
* The Hitchhiker's Guide to the Galaxy
 - Written by: Douglas Adams
 - Published: 1979-10-12
 - Id: 8f1f3b73-3235-4df1-9d53-6f1582b3045d
Book created at 2023-09-30 09:17:39.210275600
* Animal Farm
 - Written by: George Orwell
 - Published: 1945-08-17
 - Id: 67cd3279-54db-454b-b975-27bb404b00b5
Book created at 2023-09-30 09:17:39.222187800
* Jurassic Park
 - Written by: Michael Crichton
 - Published: 1990-11-20
 - Id: 727696f7-bdbd-446b-809a-f7a549080dcf
Book created at 2023-09-30 09:17:39.224698300
* The Hitchhiker's Guide to the Galaxy
 - Written by: Douglas Adams
 - Published: 1979-10-12
 - Id: 9b88e71c-8387-4316-81b2-ebd7f78f3370
Book created at 2023-09-30 09:17:39.232655800
* Oh, the Places You'll Go!
 - Written by: Dr. Seuss
 - Published: 1990-01-22
 - Id: ce1d0c04-45bf-49ce-9e61-c50db7295fad
Book created at 2023-09-30 09:17:39.250958500
* Stranger in a Strange Land
 - Written by: Robert A. Heinlein
 - Published: 1961-06-01
 - Id: 11a4f7b8-6ce7-4add-b77f-c6d04b280a08
Book created at 2023-09-30 09:17:39.254970300
* The Moon is a Harsh Mistress
 - Written by: Robert A. Heinlein
 - Published: 1966-06-02
 - Id: 2158e900-9151-4485-98e1-35dec5ba0f80
Book created at 2023-09-30 09:17:39.263117400
* Going Postal
 - Written by: Terry Pratchett
 - Published: 2004-09-25
 - Id: d2382aa2-e154-4ab6-9ba2-aed6af476986
Book created at 2023-09-30 09:17:39.270668400
* Raising Steam
 - Written by: Terry Pratchett
 - Published: 2013-11-07
 - Id: 1967c749-4f29-47ec-acf4-54a915a14b29
Book created at 2023-09-30 09:17:39.275671200
* Making Money
 - Written by: Terry Pratchett
 - Published: 2007-09-18
 - Id: 32d2fa58-a308-4765-b726-e5fd323f949e
Book created at 2023-09-30 09:17:39.287674400
* The Fellowship of the Ring
 - Written by: J. R. R. Tolkien
 - Published: 1954-07-29
 - Id: 1f47eead-230e-4323-8e0e-5e76174c19c5
Book created at 2023-09-30 09:17:39.293679100
* The Two Towers
 - Written by: J. R. R. Tolkien
 - Published: 1954-11-11
 - Id: 6c36775d-a887-4cf8-bcea-191cab32f928
Book created at 2023-09-30 09:17:39.296673800
* The Return of the King
 - Written by: J. R. R. Tolkien
 - Published: 1955-10-20
 - Id: 75fe4e1c-b570-437b-928c-e7f5162f70f9
Book created at 2023-09-30 09:17:39.315197400
* Oh, the Places You'll Go!
 - Written by: Dr. Seuss
 - Published: 1990-01-22
 - Id: 7af864ea-6aa5-42f1-aefb-1020ce451ecc
Book created at 2023-09-30 09:17:39.317708500
* The Fellowship of the Ring
 - Written by: J. R. R. Tolkien
 - Published: 1954-07-29
 - Id: c8a2b974-ba10-4fc0-9354-848d5dc7b706
Book created at 2023-09-30 09:17:39.320747900
* The Two Towers
 - Written by: J. R. R. Tolkien
 - Published: 1954-11-11
 - Id: 376633f7-cb74-4a80-a644-eecb83709dc1
Book created at 2023-09-30 09:17:39.323070600
* The Return of the King
 - Written by: J. R. R. Tolkien
 - Published: 1955-10-20
 - Id: 855cc5cd-54f3-4037-951f-7e2ea2be8fc6
Book created at 2023-09-30 09:17:39.334589300
* The Hunger Games
 - Written by: Suzanne Collins
 - Published: 2008-09-14
 - Id: f39a7386-b00a-4fff-93de-b45f16aa2606
Book created at 2023-09-30 09:17:39.357324400
* Piranesi
 - Written by: Susanna Clarke
 - Published: 2020-09-15
 - Id: 761f4725-c63e-4897-bf7b-1807dd7abd0a
Book created at 2023-09-30 09:17:39.359841900
* Once Upon an Algorithm
 - Written by: Martin Erwig
 - Published: 2017-08-11
 - Id: 4dd525b1-b4aa-44cf-8f98-a0944aa0b578
Book created at 2023-09-30 09:17:39.416298800
* Raising Steam
 - Written by: Terry Pratchett
 - Published: 2013-11-07
 - Id: c55f73a4-9a35-49a9-b081-9e2303fb25de
Book created at 2023-09-30 09:17:39.418819800
* Making Money
 - Written by: Terry Pratchett
 - Published: 2007-09-18
 - Id: 2b95acb5-733e-4ee0-9e47-931db49ba94b
Book created at 2023-09-30 09:17:39.421831
* Going Postal
 - Written by: Terry Pratchett
 - Published: 2004-09-25
 - Id: 8943dde2-8b0c-474e-b931-dec9738a99b6
Book created at 2023-09-30 09:17:39.423828900
* Exhalation
 - Written by: Ted Chiang
 - Published: 2008-11-15
 - Id: a2855cec-d693-43d4-b5ce-745d40e241f7
Book created at 2023-09-30 09:17:39.424830500
* Jurassic Park
 - Written by: Michael Crichton
 - Published: 1990-11-20
 - Id: 55f5ea18-cdc4-4c97-a047-0f89ab0569d2
Book created at 2023-09-30 09:17:39.427085100
* Good Omens: The Nice and Accurate Prophecies of Agnes Nutter, Witch
 - Written by: Terry Pratchett & Neil Gaiman
 - Published: 1990-05-01
 - Id: 323c4b65-5656-4091-8503-fd6b80795cbb
Book created at 2023-09-30 09:17:39.430098500
* The Hitchhiker's Guide to the Galaxy
 - Written by: Douglas Adams
 - Published: 1979-10-12
 - Id: ae02eb0e-4d33-421b-b970-4a11f2f52b75
Book created at 2023-09-30 09:17:39.439694700
* The Two Towers
 - Written by: J. R. R. Tolkien
 - Published: 1954-11-11
 - Id: 430944d2-5587-4ccb-bf9d-96eb51168d78
Book created at 2023-09-30 09:17:39.442693100
* The Fellowship of the Ring
 - Written by: J. R. R. Tolkien
 - Published: 1954-07-29
 - Id: 77ed2fb4-86ba-4167-895b-cd4bf2b2b187
Book created at 2023-09-30 09:17:39.444691600
* The Return of the King
 - Written by: J. R. R. Tolkien
 - Published: 1955-10-20
 - Id: 70eeaa7b-d58d-4776-919f-25b7f35a51b7
Book created at 2023-09-30 09:17:39.447691900
* Animal Farm
 - Written by: George Orwell
 - Published: 1945-08-17
 - Id: 599fa727-0301-4e82-a599-4a759cc0ac47
Book created at 2023-09-30 09:17:39.449692300
* Racing the Beam
 - Written by: Nick Montfort and Ian Bogost
 - Published: 2009-03-01
 - Id: 908b6357-1de8-4a77-b16e-6259bf3a68bb
Book created at 2023-09-30 09:17:39.452206600
* Programming for the Puzzled
 - Written by: Srini Devadas
 - Published: 2017-11-09
 - Id: 7b8893e4-806e-4234-bff0-76782fdc3dd5
Book created at 2023-09-30 09:17:39.455209700
* Once Upon an Algorithm
 - Written by: Martin Erwig
 - Published: 2017-08-11
 - Id: 6c2c9d69-a7b7-4355-9320-c7cdd00e18c1
Book created at 2023-09-30 09:17:39.460733100
* The Moon is a Harsh Mistress
 - Written by: Robert A. Heinlein
 - Published: 1966-06-02
 - Id: c933b5f2-654c-48b4-b8f1-be95d33a61c9
Book created at 2023-09-30 09:17:39.463731100
* Stranger in a Strange Land
 - Written by: Robert A. Heinlein
 - Published: 1961-06-01
 - Id: 722a327d-27c5-4609-aba1-d681136fa70d
Book created at 2023-09-30 09:19:37.347176700
* Exhalation
 - Written by: Ted Chiang
 - Published: 2008-11-15
 - Id: 45c16e21-addc-4d08-9845-db81e56bcfa3
Book created at 2023-09-30 09:19:37.424425500
* Good Omens: The Nice and Accurate Prophecies of Agnes Nutter, Witch
 - Written by: Terry Pratchett & Neil Gaiman
 - Published: 1990-05-01
 - Id: 97882964-9f4e-4a9f-b204-a92b61430851
Book created at 2023-09-30 09:19:37.427426200
* Foundation
 - Written by: Isaac Asimov
 - Published: 1951-08-30
 - Id: a244c9fa-8fa2-4ef9-95ce-cdaaf3d6a38b
Book created at 2023-09-30 09:19:37.430424100
* Foundation's Edge
 - Written by: Isaac Asimov
 - Published: 1982-10-28
 - Id: 15a06b09-8969-4bd3-a1ac-2d527be0af44
Book created at 2023-09-30 09:19:37.440446300
* The Hunger Games
 - Written by: Suzanne Collins
 - Published: 2008-09-14
 - Id: a11f13e4-d7df-4685-ad73-9d086a8720cd
Book created at 2023-09-30 09:19:37.445445
* Going Postal
 - Written by: Terry Pratchett
 - Published: 2004-09-25
 - Id: fbcdec55-1c31-4fa0-a36d-d43958b0464a
Book created at 2023-09-30 09:19:37.452622500
* Making Money
 - Written by: Terry Pratchett
 - Published: 2007-09-18
 - Id: bd1540e7-a870-4c99-8811-24dec3e1ba44
Book created at 2023-09-30 09:19:37.459946300
* Stranger in a Strange Land
 - Written by: Robert A. Heinlein
 - Published: 1961-06-01
 - Id: d8b3a1b0-5d74-40a7-82bf-ee9afae1f78e
Book created at 2023-09-30 09:19:37.471705800
* Exhalation
 - Written by: Ted Chiang
 - Published: 2008-11-15
 - Id: 109fbd45-0eeb-4696-b51c-b990ecab3640
Book created at 2023-09-30 09:19:37.514857400
* Good Omens: The Nice and Accurate Prophecies of Agnes Nutter, Witch
 - Written by: Terry Pratchett & Neil Gaiman
 - Published: 1990-05-01
 - Id: c063c59e-9933-4a10-814d-1a22b444d61e
Book created at 2023-09-30 09:19:37.521910400
* The Hitchhiker's Guide to the Galaxy
 - Written by: Douglas Adams
 - Published: 1979-10-12
 - Id: 585f93ff-8b43-4f1d-b236-44feb304a650
Book created at 2023-09-30 09:19:37.525920200
* Animal Farm
 - Written by: George Orwell
 - Published: 1945-08-17
 - Id: 24cbae6c-e021-4fed-8a3a-451d6f220301
Book created at 2023-09-30 09:19:37.533002300
* Jurassic Park
 - Written by: Michael Crichton
 - Published: 1990-11-20
 - Id: eb4edb55-1ef9-489a-8869-c1b913aada39
Book created at 2023-09-30 09:19:37.536527800
* The Hitchhiker's Guide to the Galaxy
 - Written by: Douglas Adams
 - Published: 1979-10-12
 - Id: c995ea2e-cc97-4454-8034-432349c57b6e
Book created at 2023-09-30 09:19:37.542530100
* Oh, the Places You'll Go!
 - Written by: Dr. Seuss
 - Published: 1990-01-22
 - Id: 6a5d1b90-ebc5-4e9e-bfa6-2c4bbad63e74
Book created at 2023-09-30 09:19:37.552040900
* Stranger in a Strange Land
 - Written by: Robert A. Heinlein
 - Published: 1961-06-01
 - Id: e37a7256-350b-4e97-b4ef-ff851f14eda4
Book created at 2023-09-30 09:19:37.554521100
* The Moon is a Harsh Mistress
 - Written by: Robert A. Heinlein
 - Published: 1966-06-02
 - Id: ffbda415-b205-4296-ac1c-d4b0aa36ed81
Book created at 2023-09-30 09:19:37.559528400
* Going Postal
 - Written by: Terry Pratchett
 - Published: 2004-09-25
 - Id: ba90dc82-3d35-485d-8525-ec373e9e2fec
Book created at 2023-09-30 09:19:37.566527300
* Raising Steam
 - Written by: Terry Pratchett
 - Published: 2013-11-07
 - Id: 052a092b-9d57-42dd-8ae1-da4c66d13bc3
Book created at 2023-09-30 09:19:37.571342900
* Making Money
 - Written by: Terry Pratchett
 - Published: 2007-09-18
 - Id: b885df99-0872-4994-b0de-17c4a220f50e
Book created at 2023-09-30 09:19:37.577349600
* The Fellowship of the Ring
 - Written by: J. R. R. Tolkien
 - Published: 1954-07-29
 - Id: c70927e7-1f23-4112-bcf9-a2975146cbd6
Book created at 2023-09-30 09:19:37.581348700
* The Two Towers
 - Written by: J. R. R. Tolkien
 - Published: 1954-11-11
 - Id: fb9f121f-2d13-49d3-8632-3a9f707135e8
Book created at 2023-09-30 09:19:37.583347300
* The Return of the King
 - Written by: J. R. R. Tolkien
 - Published: 1955-10-20
 - Id: 7ebd2663-3c88-42a9-a7ca-d2cf10f74148
Book created at 2023-09-30 09:19:37.602229200
* Oh, the Places You'll Go!
 - Written by: Dr. Seuss
 - Published: 1990-01-22
 - Id: e6a8db1d-e610-460c-8ee8-01ca34cf5609
Book created at 2023-09-30 09:19:37.604234800
* The Fellowship of the Ring
 - Written by: J. R. R. Tolkien
 - Published: 1954-07-29
 - Id: 17388f1f-5ab5-43f2-9bcc-4a31f59ee5e1
Book created at 2023-09-30 09:19:37.606234800
* The Two Towers
 - Written by: J. R. R. Tolkien
 - Published: 1954-11-11
 - Id: f26a311b-3026-46a4-858c-51d3c5795862
Book created at 2023-09-30 09:19:37.609234
* The Return of the King
 - Written by: J. R. R. Tolkien
 - Published: 1955-10-20
 - Id: ecd5c844-7b8f-4727-8c74-f9e4fe5f5e37
Book created at 2023-09-30 09:19:37.616234
* The Hunger Games
 - Written by: Suzanne Collins
 - Published: 2008-09-14
 - Id: a4c255e5-c566-4814-9441-4262f6a825ef
Book created at 2023-09-30 09:19:37.627759900
* Piranesi
 - Written by: Susanna Clarke
 - Published: 2020-09-15
 - Id: 3876ca6b-5bb4-484b-aab0-4c4c889a7383
Book created at 2023-09-30 09:19:37.629759300
* Once Upon an Algorithm
 - Written by: Martin Erwig
 - Published: 2017-08-11
 - Id: 735a9728-5a78-43a1-88d7-84f01a43587b
Book created at 2023-09-30 09:19:37.672108400
* Raising Steam
 - Written by: Terry Pratchett
 - Published: 2013-11-07
 - Id: 1e4e75f2-2680-4e13-8838-c1a3b93c793c
Book created at 2023-09-30 09:19:37.674109600
* Making Money
 - Written by: Terry Pratchett
 - Published: 2007-09-18
 - Id: 952ceab0-7d28-4ce2-84ae-fe65e63223e5
Book created at 2023-09-30 09:19:37.677111200
* Going Postal
 - Written by: Terry Pratchett
 - Published: 2004-09-25
 - Id: 2d7ae396-6d40-44af-a2c0-01859d9b497a
Book created at 2023-09-30 09:19:37.678109600
* Exhalation
 - Written by: Ted Chiang
 - Published: 2008-11-15
 - Id: f81c511d-32e9-4b08-a194-8d3d0ce60931
Book created at 2023-09-30 09:19:37.681108300
* Jurassic Park
 - Written by: Michael Crichton
 - Published: 1990-11-20
 - Id: 1310bdbf-9e14-49c5-8b16-deb5978ecd87
Book created at 2023-09-30 09:19:37.682108700
* Good Omens: The Nice and Accurate Prophecies of Agnes Nutter, Witch
 - Written by: Terry Pratchett & Neil Gaiman
 - Published: 1990-05-01
 - Id: fbd2b3be-3494-4e8e-806a-04c8276170c6
Book created at 2023-09-30 09:19:37.684612300
* The Hitchhiker's Guide to the Galaxy
 - Written by: Douglas Adams
 - Published: 1979-10-12
 - Id: 6e263841-1b78-4fb1-9538-a6743dfdef4f
Book created at 2023-09-30 09:19:37.687620400
* The Two Towers
 - Written by: J. R. R. Tolkien
 - Published: 1954-11-11
 - Id: eaf90464-b201-4634-89a8-66a345571e3a
Book created at 2023-09-30 09:19:37.689621200
* The Fellowship of the Ring
 - Written by: J. R. R. Tolkien
 - Published: 1954-07-29
 - Id: 5ce74c61-b549-4a71-8d94-5954c91c8815
Book created at 2023-09-30 09:19:37.691621200
* The Return of the King
 - Written by: J. R. R. Tolkien
 - Published: 1955-10-20
 - Id: c8a8636d-d44a-481e-a34f-5926313e7b8f
Book created at 2023-09-30 09:19:37.693621800
* Animal Farm
 - Written by: George Orwell
 - Published: 1945-08-17
 - Id: b60d07e8-5080-43ca-8477-5f1d5f5535c5
Book created at 2023-09-30 09:19:37.695621800
* Racing the Beam
 - Written by: Nick Montfort and Ian Bogost
 - Published: 2009-03-01
 - Id: 858a87d9-880d-48b5-b410-e61b0c57670b
Book created at 2023-09-30 09:19:37.697621700
* Programming for the Puzzled
 - Written by: Srini Devadas
 - Published: 2017-11-09
 - Id: 6542f4e9-c20a-48e5-8d4a-7c5650fe98ee
Book created at 2023-09-30 09:19:37.699621400
* Once Upon an Algorithm
 - Written by: Martin Erwig
 - Published: 2017-08-11
 - Id: 6ceb8c48-86dc-429b-947c-53040e8b2991
Book created at 2023-09-30 09:19:37.704173
* The Moon is a Harsh Mistress
 - Written by: Robert A. Heinlein
 - Published: 1966-06-02
 - Id: 68ace50d-c6e9-46f6-b2c8-25d4b1982031
Book created at 2023-09-30 09:19:37.707156500
* Stranger in a Strange Land
 - Written by: Robert A. Heinlein
 - Published: 1961-06-01
 - Id: 5c5431df-b6b2-4f79-93b1-88b6284155a9
Book created at 2023-09-30 09:20:44.591520
* Exhalation
 - Written by: Ted Chiang
 - Published: 2008-11-15
 - Id: db95eeb9-e48e-40b4-a584-e9c993f796b9
Book created at 2023-09-30 09:20:44.657753200
* Good Omens: The Nice and Accurate Prophecies of Agnes Nutter, Witch
 - Written by: Terry Pratchett & Neil Gaiman
 - Published: 1990-05-01
 - Id: 575b5098-9995-4d8d-9a4c-bf179f89b0f0
Book created at 2023-09-30 09:20:44.662053900
* Foundation
 - Written by: Isaac Asimov
 - Published: 1951-08-30
 - Id: 9ed5205b-80b2-4c09-ab21-87e9159c3435
Book created at 2023-09-30 09:20:44.665054700
* Foundation's Edge
 - Written by: Isaac Asimov
 - Published: 1982-10-28
 - Id: 3bb4d562-9205-4c69-9431-450d822a9895
Book created at 2023-09-30 09:20:44.672831800
* The Hunger Games
 - Written by: Suzanne Collins
 - Published: 2008-09-14
 - Id: ce33883c-99a1-4366-8b26-a1855e8be3d2
Book created at 2023-09-30 09:20:44.675338200
* Going Postal
 - Written by: Terry Pratchett
 - Published: 2004-09-25
 - Id: 21fb821a-f62f-4341-a414-3d5545074697
Book created at 2023-09-30 09:20:44.681344700
* Making Money
 - Written by: Terry Pratchett
 - Published: 2007-09-18
 - Id: a6f815ba-322d-4bdb-86dc-d375d1002ee7
Book created at 2023-09-30 09:20:44.688777300
* Stranger in a Strange Land
 - Written by: Robert A. Heinlein
 - Published: 1961-06-01
 - Id: f61324d8-986a-4ed8-9dfe-b01e194d81f7
Book created at 2023-09-30 09:20:44.696780100
* Exhalation
 - Written by: Ted Chiang
 - Published: 2008-11-15
 - Id: b0f8635b-dd64-436c-a67e-842e34646798
Book created at 2023-09-30 09:20:44.729451300
* Good Omens: The Nice and Accurate Prophecies of Agnes Nutter, Witch
 - Written by: Terry Pratchett & Neil Gaiman
 - Published: 1990-05-01
 - Id: 280433ff-9422-44f4-a056-c0a3b75ab60a
Book created at 2023-09-30 09:20:44.735970700
* The Hitchhiker's Guide to the Galaxy
 - Written by: Douglas Adams
 - Published: 1979-10-12
 - Id: 18097fa7-81e8-4d78-9309-4206ae2c3664
Book created at 2023-09-30 09:20:44.738978600
* Animal Farm
 - Written by: George Orwell
 - Published: 1945-08-17
 - Id: 8d608774-e72b-4b5d-8914-90388d074758
Book created at 2023-09-30 09:20:44.744973900
* Jurassic Park
 - Written by: Michael Crichton
 - Published: 1990-11-20
 - Id: d5e1c797-a273-4222-a553-a53483d2ed3d
Book created at 2023-09-30 09:20:44.745975700
* The Hitchhiker's Guide to the Galaxy
 - Written by: Douglas Adams
 - Published: 1979-10-12
 - Id: 5178f15d-c9e8-4a85-a5c7-b809d8ed65a6
Book created at 2023-09-30 09:20:44.751480400
* Oh, the Places You'll Go!
 - Written by: Dr. Seuss
 - Published: 1990-01-22
 - Id: 5239218f-8dc9-425b-86c2-31a8c336adaf
Book created at 2023-09-30 09:20:44.761490200
* Stranger in a Strange Land
 - Written by: Robert A. Heinlein
 - Published: 1961-06-01
 - Id: 9b5d3e30-c7db-4820-bd0c-abd6bf728dce
Book created at 2023-09-30 09:20:44.763490800
* The Moon is a Harsh Mistress
 - Written by: Robert A. Heinlein
 - Published: 1966-06-02
 - Id: f3ce2223-df85-4ddb-8ebd-5d62e0da826f
Book created at 2023-09-30 09:20:44.770008900
* Going Postal
 - Written by: Terry Pratchett
 - Published: 2004-09-25
 - Id: 9046258a-86ce-47f5-92e9-e8fba7d52e27
Book created at 2023-09-30 09:20:44.775007800
* Raising Steam
 - Written by: Terry Pratchett
 - Published: 2013-11-07
 - Id: 8373d92f-3e0e-461b-82c4-9bfd63583c08
Book created at 2023-09-30 09:20:44.778521100
* Making Money
 - Written by: Terry Pratchett
 - Published: 2007-09-18
 - Id: e11aa82c-5b5a-4fd5-bab6-77f98a4a6161
Book created at 2023-09-30 09:20:44.786043300
* The Fellowship of the Ring
 - Written by: J. R. R. Tolkien
 - Published: 1954-07-29
 - Id: 944c48ab-e8ae-44a6-ab78-26117ff3f9f4
Book created at 2023-09-30 09:20:44.789050900
* The Two Towers
 - Written by: J. R. R. Tolkien
 - Published: 1954-11-11
 - Id: 04f9c23a-d86c-4af8-83b8-af9388675b6d
Book created at 2023-09-30 09:20:44.791051800
* The Return of the King
 - Written by: J. R. R. Tolkien
 - Published: 1955-10-20
 - Id: be7589a3-e323-48bd-924a-42c49b41ff30
Book created at 2023-09-30 09:20:44.808107700
* Oh, the Places You'll Go!
 - Written by: Dr. Seuss
 - Published: 1990-01-22
 - Id: 346eee2b-4928-4625-bba6-a8094c5c6be7
Book created at 2023-09-30 09:20:44.809090100
* The Fellowship of the Ring
 - Written by: J. R. R. Tolkien
 - Published: 1954-07-29
 - Id: 296e6a87-c49a-48e8-af83-dab4501f9bf0
Book created at 2023-09-30 09:20:44.811109300
* The Two Towers
 - Written by: J. R. R. Tolkien
 - Published: 1954-11-11
 - Id: 9eba0e49-c7bc-466b-b6a7-265fc65be59a
Book created at 2023-09-30 09:20:44.813090700
* The Return of the King
 - Written by: J. R. R. Tolkien
 - Published: 1955-10-20
 - Id: d7cced36-43aa-416c-a779-7cbaf9136e25
Book created at 2023-09-30 09:20:44.821208900
* The Hunger Games
 - Written by: Suzanne Collins
 - Published: 2008-09-14
 - Id: 5099985f-2466-4f0c-a2a6-20db840db2f9
Book created at 2023-09-30 09:20:44.833209300
* Piranesi
 - Written by: Susanna Clarke
 - Published: 2020-09-15
 - Id: 88b6e0d6-b4e7-412a-9fcb-e78f0f4dbd48
Book created at 2023-09-30 09:20:44.836732200
* Once Upon an Algorithm
 - Written by: Martin Erwig
 - Published: 2017-08-11
 - Id: 1497cc29-2cb0-42f8-ab23-4cf85d39c762
Book created at 2023-09-30 09:20:44.876359300
* Raising Steam
 - Written by: Terry Pratchett
 - Published: 2013-11-07
 - Id: 4966a4ed-15e3-490c-9395-24bb5c20717e
Book created at 2023-09-30 09:20:44.878358900
* Making Money
 - Written by: Terry Pratchett
 - Published: 2007-09-18
 - Id: 25eb3e24-3456-4504-9c18-3822f5373eaa
Book created at 2023-09-30 09:20:44.880359200
* Going Postal
 - Written by: Terry Pratchett
 - Published: 2004-09-25
 - Id: e096b33c-fd20-42f8-b891-526ef99ba84d
Book created at 2023-09-30 09:20:44.882358600
* Exhalation
 - Written by: Ted Chiang
 - Published: 2008-11-15
 - Id: ee5f49ce-d302-472a-b653-412d9fe33b83
Book created at 2023-09-30 09:20:44.884358100
* Jurassic Park
 - Written by: Michael Crichton
 - Published: 1990-11-20
 - Id: 2c35bdd4-9f46-43c2-ae43-4c7b2f8e6eeb
Book created at 2023-09-30 09:20:44.885465400
* Good Omens: The Nice and Accurate Prophecies of Agnes Nutter, Witch
 - Written by: Terry Pratchett & Neil Gaiman
 - Published: 1990-05-01
 - Id: 0ea07315-ba0b-4d47-bd8e-e3b96c293545
Book created at 2023-09-30 09:20:44.887468600
* The Hitchhiker's Guide to the Galaxy
 - Written by: Douglas Adams
 - Published: 1979-10-12
 - Id: 29572f9d-0b44-4aa3-b74b-e8aa2ad1a30c
Book created at 2023-09-30 09:20:44.890468700
* The Two Towers
 - Written by: J. R. R. Tolkien
 - Published: 1954-11-11
 - Id: 199515dc-c240-414b-ae0d-3f647238d6a2
Book created at 2023-09-30 09:20:44.893471800
* The Fellowship of the Ring
 - Written by: J. R. R. Tolkien
 - Published: 1954-07-29
 - Id: 8573b740-ffd2-4b68-9b4b-e02bf85c2572
Book created at 2023-09-30 09:20:44.895470100
* The Return of the King
 - Written by: J. R. R. Tolkien
 - Published: 1955-10-20
 - Id: 0edafb28-c508-4c26-a28a-0e4299c93b76
Book created at 2023-09-30 09:20:44.898892700
* Animal Farm
 - Written by: George Orwell
 - Published: 1945-08-17
 - Id: 6e20e160-bd1e-41d1-9f3a-746ae2513b06
Book created at 2023-09-30 09:20:44.901398
* Racing the Beam
 - Written by: Nick Montfort and Ian Bogost
 - Published: 2009-03-01
 - Id: 8d51c8dd-cad5-4e26-b0a4-5601a1081837
Book created at 2023-09-30 09:20:44.903411500
* Programming for the Puzzled
 - Written by: Srini Devadas
 - Published: 2017-11-09
 - Id: 0968f40c-9771-4d94-aecd-1295bc6d5b4f
Book created at 2023-09-30 09:20:44.906411700
* Once Upon an Algorithm
 - Written by: Martin Erwig
 - Published: 2017-08-11
 - Id: b1a17652-9303-4ae5-9bc5-c92cebaa31f1
Book created at 2023-09-30 09:20:44.911492100
* The Moon is a Harsh Mistress
 - Written by: Robert A. Heinlein
 - Published: 1966-06-02
 - Id: 013f6436-eccf-4629-8e4e-37fdf0d33abc
Book created at 2023-09-30 09:20:44.921079500
* Stranger in a Strange Land
 - Written by: Robert A. Heinlein
 - Published: 1961-06-01
 - Id: a2509d0e-da4f-4d63-bc87-8e57a41cd162
