Movie created at 2023-09-30 09:16:37.528172800
* Home Alone
 - Directed by: Chris Columbus
 - Released: 1990-11-16
 - Id: e878a33e-19ae-438f-8631-6d78be3f45f1
Movie created at 2023-09-30 09:16:37.533429300
* Jurassic Park
 - Directed by: Steven Spielberg
 - Released: 1993-06-11
 - Id: 527d5e8a-0280-4857-b953-c270693d06c8
Movie created at 2023-09-30 09:16:37.544979500
* Memento
 - Directed by: Christopher Nolan
 - Released: 2000-10-11
 - Id: 3a02aaa9-422d-498f-8572-8999b816b601
Movie created at 2023-09-30 09:16:37.545979700
* Inception
 - Directed by: Christopher Nolan
 - Released: 2010-07-15
 - Id: 5436d82d-864b-4d54-8751-7c1fbcea8804
Movie created at 2023-09-30 09:16:37.546979300
* Interstellar
 - Directed by: Christopher Nolan
 - Released: 2014-11-05
 - Id: 4309d244-b973-47e3-b0e5-89b7617959df
Movie created at 2023-09-30 09:16:37.546979300
* Rouge One
 - Directed by: Gareth Edwards
 - Released: 2016-12-16
 - Id: 625b8a95-6326-4ce3-bd21-5b43e88be5e5
Movie created at 2023-09-30 09:16:37.547981600
* Contact
 - Directed by: Robert Zemeckis
 - Released: 1997-07-11
 - Id: 95665408-5d86-466d-a739-5904f74b778d
Movie created at 2023-09-30 09:16:37.548981200
* Jurassic Park
 - Directed by: Steven Spielberg
 - Released: 1993-06-11
 - Id: 2f32e551-e28c-4c7c-9370-212308553615
Movie created at 2023-09-30 09:16:37.549981200
* The Hitchhiker's Guide to the Galaxy
 - Directed by: Garth Jennings
 - Released: 2005-04-28
 - Id: 2f097174-bfa1-46d4-8ca2-784823f2b33e
Movie created at 2023-09-30 09:16:37.549981200
* Star Wars
 - Directed by: George Lucas
 - Released: 1977-05-25
 - Id: 7f197ab7-161f-41e3-87dc-4fcfe7d2a6d8
Movie created at 2023-09-30 09:16:37.550980800
* Star Trek
 - Directed by: J.J. Abrams
 - Released: 2009-05-06
 - Id: f4a76fdd-7028-4546-a30e-fd1c170921a7
Movie created at 2023-09-30 09:16:37.552138300
* Star Trek Into Darkness
 - Directed by: J.J. Abrams
 - Released: 2013-05-05
 - Id: 57560dc8-60a7-44e5-8817-6af86f9bad89
Movie created at 2023-09-30 09:16:37.554148100
* Forrest Gump
 - Directed by: Robert Zemeckis
 - Released: 1994-07-06
 - Id: 7354a629-c9a0-48ac-b540-b1c0d6580de3
Movie created at 2023-09-30 09:16:37.555145900
* Cast Away
 - Directed by: Robert Zemeckis
 - Released: 2000-12-22
 - Id: 2dd13b06-a67c-4044-9051-55c031ba6072
Movie created at 2023-09-30 09:16:37.557144900
* The Fifth Element
 - Directed by: Luc Besson
 - Released: 1997-05-02
 - Id: 8d60188a-c1fd-4123-82ca-cfc3f4be1543
Movie created at 2023-09-30 09:16:37.557144900
* Close Encounters of the Third Kind
 - Directed by: Steven Spielberg
 - Released: 1977-11-18
 - Id: 8575a875-1c36-4969-8edd-27f95a7b8ce8
Movie created at 2023-09-30 09:16:37.561367900
* Star Wars
 - Directed by: George Lucas
 - Released: 1977-05-25
 - Id: 53399b7d-8571-4998-943b-1def8b5da33b
Movie created at 2023-09-30 09:16:37.562794100
* Jurassic Park
 - Directed by: Steven Spielberg
 - Released: 1993-06-11
 - Id: 61525478-9f1c-4a37-81ba-ad7c179f7501
Movie created at 2023-09-30 09:16:37.564802600
* The Hitchhiker's Guide to the Galaxy
 - Directed by: Garth Jennings
 - Released: 2005-04-28
 - Id: 45f1180b-3e97-4ed6-852a-2abaa31e3851
Movie created at 2023-09-30 09:16:37.567315500
* Finding Nemo
 - Directed by: Andrew Stanton
 - Released: 2003-05-30
 - Id: 9a552219-de72-4faa-a19d-19d71fdbecab
Movie created at 2023-09-30 09:16:37.567315500
* WALL·E
 - Directed by: Andrew Stanton
 - Released: 2008-06-22
 - Id: d80968f8-ed37-4417-a1a3-9236e38e0f09
Movie created at 2023-09-30 09:16:37.568315100
* Coco
 - Directed by: Lee Unkrich
 - Released: 2017-10-27
 - Id: f42cafbf-810a-448e-b8da-06cf558a594a
Movie created at 2023-09-30 09:16:37.569315600
* Toy Story 3
 - Directed by: Lee Unkrich
 - Released: 2010-06-16
 - Id: 4bca954f-d4d1-4aad-83a9-e3532c92bb0a
Movie created at 2023-09-30 09:16:37.571319400
* The Polar Express
 - Directed by: Robert Zemeckis
 - Released: 2004-11-10
 - Id: fa40c0cd-38ac-4a9e-aaad-be69ce270a62
Movie created at 2023-09-30 09:16:37.572317
* Shrek
 - Directed by: Andrew Adamson
 - Released: 2001-05-18
 - Id: c79ded3b-214f-452c-9147-4f382216cc8e
Movie created at 2023-09-30 09:16:37.574315800
* Home Alone
 - Directed by: Chris Columbus
 - Released: 1990-11-16
 - Id: 99c66a44-e1e6-4b19-bdb5-cded6b1aad8f
Movie created at 2023-09-30 09:16:37.576316600
* Back to the Future Part III
 - Directed by: Robert Zemeckis
 - Released: 1990-05-25
 - Id: cb1bad68-3567-4d2a-95b7-bace2987e5c8
Movie created at 2023-09-30 09:16:37.578315500
* Back to the Future
 - Directed by: Robert Zemeckis
 - Released: 1985-07-03
 - Id: 8f95f564-1643-4c1c-96ce-bfde12ff8d2c
Movie created at 2023-09-30 09:16:37.579315600
* Back to the Future Part II
 - Directed by: Robert Zemeckis
 - Released: 1989-11-22
 - Id: f3097f24-99ca-45b1-8ac4-986c4795ea80
Movie created at 2023-09-30 09:16:37.583327700
* Who Framed Roger Rabbit
 - Directed by: Robert Zemeckis
 - Released: 1988-06-21
 - Id: f9f455c3-138e-49fb-a87d-9c51e3e4fdd2
Movie created at 2023-09-30 09:16:37.584315500
* The Lord of the Rings: The Fellowship of the Ring
 - Directed by: Peter Jackson
 - Released: 2001-12-18
 - Id: ee7dd739-518a-4646-9123-68c0806a4949
Movie created at 2023-09-30 09:16:37.585314300
* The Lord of the Rings: The Two Towers
 - Directed by: Peter Jackson
 - Released: 2002-12-18
 - Id: c4338507-bb39-4309-9e95-1dd8faeec410
Movie created at 2023-09-30 09:16:37.585314300
* The Lord of the Rings: The Return of the King
 - Directed by: Peter Jackson
 - Released: 2003-12-01
 - Id: bb11e7aa-a101-4d6f-babb-2c2844356850
Movie created at 2023-09-30 09:16:37.587314600
* Rouge One
 - Directed by: Gareth Edwards
 - Released: 2016-12-16
 - Id: a1e43609-3f48-490d-b069-a92e8e54302a
Movie created at 2023-09-30 09:16:37.588316500
* The Hitchhiker's Guide to the Galaxy
 - Directed by: Garth Jennings
 - Released: 2005-04-28
 - Id: 52c53f99-0ae8-4b7b-b3e3-a138a3b6ffc3
Movie created at 2023-09-30 09:16:37.594315700
* Star Trek
 - Directed by: J.J. Abrams
 - Released: 2009-05-06
 - Id: d396202a-c5ad-4d08-ac97-2d8303cf5d6c
Movie created at 2023-09-30 09:16:37.595317700
* Star Trek II: The Wrath of Khan
 - Directed by: Nicholas Meyer
 - Released: 1982-06-04
 - Id: 816db6ed-fb68-4866-8f69-079586dc0599
Movie created at 2023-09-30 09:16:37.596319800
* Star Trek Into Darkness
 - Directed by: J.J. Abrams
 - Released: 2013-05-05
 - Id: 539d5f77-edf5-4d0c-9aeb-c28ecf484795
Movie created at 2023-09-30 09:16:37.598317500
* The Lord of the Rings: The Return of the King
 - Directed by: Peter Jackson
 - Released: 2003-12-01
 - Id: 2ce5fb85-2b13-48d1-8c1b-0827e06b9815
Movie created at 2023-09-30 09:16:37.600314900
* The Lord of the Rings: The Two Towers
 - Directed by: Peter Jackson
 - Released: 2002-12-18
 - Id: 0248951d-2b7a-430c-987d-f3837139e799
Movie created at 2023-09-30 09:16:37.600314900
* The Lord of the Rings: The Fellowship of the Ring
 - Directed by: Peter Jackson
 - Released: 2001-12-18
 - Id: ae325e9b-f4df-4e34-a5e2-f18280e0bcb4
Movie created at 2023-09-30 09:16:37.601315400
* Memento
 - Directed by: Christopher Nolan
 - Released: 2000-10-11
 - Id: 366813ed-3a81-40f1-af2a-c42ba8a8411b
Movie created at 2023-09-30 09:16:37.602320200
* Inception
 - Directed by: Christopher Nolan
 - Released: 2010-07-15
 - Id: fb8890ec-84ad-4496-a4a0-b569a7e1620b
Movie created at 2023-09-30 09:16:37.608326300
* Rouge One
 - Directed by: Gareth Edwards
 - Released: 2016-12-16
 - Id: 15d856da-17f4-41c9-a788-07b43056e563
Movie created at 2023-09-30 09:16:37.610314900
* Star Wars
 - Directed by: George Lucas
 - Released: 1977-05-25
 - Id: 2c131e64-bbcc-41d2-9da3-9869e108e67c
Movie created at 2023-09-30 09:16:37.611316200
* Back to the Future
 - Directed by: Robert Zemeckis
 - Released: 1985-07-03
 - Id: 18860558-7114-4d51-94a2-f6a75d6e3cfc
Movie created at 2023-09-30 09:16:37.612315600
* Back to the Future Part II
 - Directed by: Robert Zemeckis
 - Released: 1989-11-22
 - Id: 875ae9b2-1ba9-4835-8833-071c9886af53
Movie created at 2023-09-30 09:16:37.613318
* Back to the Future Part III
 - Directed by: Robert Zemeckis
 - Released: 1990-05-25
 - Id: ab1ea829-9662-4929-8534-7974f50611cc
Movie created at 2023-09-30 09:16:37.616318500
* The Fifth Element
 - Directed by: Luc Besson
 - Released: 1997-05-02
 - Id: 75fac47f-d30e-4690-b74c-73115cf6a1b2
Movie created at 2023-09-30 09:16:37.617314400
* The Lord of the Rings: The Fellowship of the Ring
 - Directed by: Peter Jackson
 - Released: 2001-12-18
 - Id: 28583e45-c406-44a0-b26d-66e822f0f99e
Movie created at 2023-09-30 09:16:37.618314400
* The Lord of the Rings: The Two Towers
 - Directed by: Peter Jackson
 - Released: 2002-12-18
 - Id: 38f3896b-2289-452b-8417-2b2a92003eb4
Movie created at 2023-09-30 09:16:37.620317200
* The Lord of the Rings: The Return of the King
 - Directed by: Peter Jackson
 - Released: 2003-12-01
 - Id: b5e301ca-a45c-4428-8a68-a31e305e5b4b
Movie created at 2023-09-30 09:16:37.621314900
* Close Encounters of the Third Kind
 - Directed by: Steven Spielberg
 - Released: 1977-11-18
 - Id: ea2f78b7-1a40-4346-9918-0eeaade608af
Movie created at 2023-09-30 09:16:37.624314600
* Star Trek Into Darkness
 - Directed by: J.J. Abrams
 - Released: 2013-05-05
 - Id: 71b7a0c2-ab9f-42dc-ba9c-f03662c1a859
Movie created at 2023-09-30 09:16:37.626317300
* Jurassic Park
 - Directed by: Steven Spielberg
 - Released: 1993-06-11
 - Id: 95563224-e8e7-436c-b182-13d0ad018d86
Movie created at 2023-09-30 09:16:37.633337400
* The Hitchhiker's Guide to the Galaxy
 - Directed by: Garth Jennings
 - Released: 2005-04-28
 - Id: 69c29519-f59a-43f6-9deb-49e15723236b
Movie created at 2023-09-30 09:16:37.639323500
* Home Alone
 - Directed by: Chris Columbus
 - Released: 1990-11-16
 - Id: 476ef4a8-f344-4418-8666-8d7ed84e03b7
Movie created at 2023-09-30 09:17:24.776237900
* Home Alone
 - Directed by: Chris Columbus
 - Released: 1990-11-16
 - Id: 058346e9-d6c0-478c-80f0-a753eb43b3b6
Movie created at 2023-09-30 09:17:24.781660
* Jurassic Park
 - Directed by: Steven Spielberg
 - Released: 1993-06-11
 - Id: a8669dcc-d32f-4d89-bfbe-b4a20b530497
Movie created at 2023-09-30 09:17:24.796173400
* Memento
 - Directed by: Christopher Nolan
 - Released: 2000-10-11
 - Id: e82d454d-9602-4af8-a1cf-c371d339f583
Movie created at 2023-09-30 09:17:24.797173200
* Inception
 - Directed by: Christopher Nolan
 - Released: 2010-07-15
 - Id: 9e9867fe-a035-476d-a57a-929eae04ce9d
Movie created at 2023-09-30 09:17:24.798180600
* Interstellar
 - Directed by: Christopher Nolan
 - Released: 2014-11-05
 - Id: 7c223415-7944-4f6e-ab26-70193c78dede
Movie created at 2023-09-30 09:17:24.799174300
* Rouge One
 - Directed by: Gareth Edwards
 - Released: 2016-12-16
 - Id: bdfbf32a-9fe4-45c2-8454-be06185c0113
Movie created at 2023-09-30 09:17:24.800172900
* Contact
 - Directed by: Robert Zemeckis
 - Released: 1997-07-11
 - Id: 0d29f395-db6e-484f-bb24-e7d85487be73
Movie created at 2023-09-30 09:17:24.801677800
* Jurassic Park
 - Directed by: Steven Spielberg
 - Released: 1993-06-11
 - Id: 0e77bd0f-340d-4459-ad07-dce5499f44bf
Movie created at 2023-09-30 09:17:24.802694200
* The Hitchhiker's Guide to the Galaxy
 - Directed by: Garth Jennings
 - Released: 2005-04-28
 - Id: c368a6c4-9ffb-45f9-bd40-21acdfcf8aa8
Movie created at 2023-09-30 09:17:24.803692400
* Star Wars
 - Directed by: George Lucas
 - Released: 1977-05-25
 - Id: 956078f0-a9b0-4dd9-b06e-8a16e618f05a
Movie created at 2023-09-30 09:17:24.804688
* Star Trek
 - Directed by: J.J. Abrams
 - Released: 2009-05-06
 - Id: df993473-fa0f-4823-a586-d776ba9c9b9a
Movie created at 2023-09-30 09:17:24.805692900
* Star Trek Into Darkness
 - Directed by: J.J. Abrams
 - Released: 2013-05-05
 - Id: 24308234-f488-48f8-a5b7-64b47f789c61
Movie created at 2023-09-30 09:17:24.807692300
* Forrest Gump
 - Directed by: Robert Zemeckis
 - Released: 1994-07-06
 - Id: 4dbf8292-123e-41b1-93d9-99ca0e724f9e
Movie created at 2023-09-30 09:17:24.809692200
* Cast Away
 - Directed by: Robert Zemeckis
 - Released: 2000-12-22
 - Id: c6b44ab3-ca3b-4208-8763-f28ebf30b2b1
Movie created at 2023-09-30 09:17:24.811688700
* The Fifth Element
 - Directed by: Luc Besson
 - Released: 1997-05-02
 - Id: e42e3d3d-fcb1-40fe-acdd-0559f4d2a361
Movie created at 2023-09-30 09:17:24.812691
* Close Encounters of the Third Kind
 - Directed by: Steven Spielberg
 - Released: 1977-11-18
 - Id: 1398c823-c94b-4450-adaf-c410e93d1835
Movie created at 2023-09-30 09:17:24.815691600
* Star Wars
 - Directed by: George Lucas
 - Released: 1977-05-25
 - Id: 361bdefa-8db9-444a-9229-1a3e3196798f
Movie created at 2023-09-30 09:17:24.816687200
* Jurassic Park
 - Directed by: Steven Spielberg
 - Released: 1993-06-11
 - Id: 609e4811-7a58-45c8-8106-4c45b4be8d61
Movie created at 2023-09-30 09:17:24.819683300
* The Hitchhiker's Guide to the Galaxy
 - Directed by: Garth Jennings
 - Released: 2005-04-28
 - Id: 4977df19-ed6b-4806-881d-2cc068ed68e6
Movie created at 2023-09-30 09:17:24.822952300
* Finding Nemo
 - Directed by: Andrew Stanton
 - Released: 2003-05-30
 - Id: 38aef27f-5dc0-48f1-b998-616054a3794d
Movie created at 2023-09-30 09:17:24.823963
* WALL·E
 - Directed by: Andrew Stanton
 - Released: 2008-06-22
 - Id: a2dd7341-8737-4447-a284-d9c2bba351b2
Movie created at 2023-09-30 09:17:24.824979300
* Coco
 - Directed by: Lee Unkrich
 - Released: 2017-10-27
 - Id: f7fd0681-136c-46e6-bf32-3e526722a0eb
Movie created at 2023-09-30 09:17:24.825979100
* Toy Story 3
 - Directed by: Lee Unkrich
 - Released: 2010-06-16
 - Id: a0134ec4-3a78-45ce-91fb-ff087ef04f97
Movie created at 2023-09-30 09:17:24.830241300
* The Polar Express
 - Directed by: Robert Zemeckis
 - Released: 2004-11-10
 - Id: 0ecd702e-0dd1-4996-9b75-a386cafef339
Movie created at 2023-09-30 09:17:24.831264100
* Shrek
 - Directed by: Andrew Adamson
 - Released: 2001-05-18
 - Id: 92da11ee-132b-44ad-b3a2-6f784021cae6
Movie created at 2023-09-30 09:17:24.834243400
* Home Alone
 - Directed by: Chris Columbus
 - Released: 1990-11-16
 - Id: 0d69efc7-d3b4-4ac8-aca7-4fa5b0415f33
Movie created at 2023-09-30 09:17:24.837242500
* Back to the Future Part III
 - Directed by: Robert Zemeckis
 - Released: 1990-05-25
 - Id: b8e7313a-7ff9-467b-9ed2-f0ed8db184eb
Movie created at 2023-09-30 09:17:24.839753700
* Back to the Future
 - Directed by: Robert Zemeckis
 - Released: 1985-07-03
 - Id: c6a7805a-e4b2-4ab0-bb66-47e341c6879a
Movie created at 2023-09-30 09:17:24.840773500
* Back to the Future Part II
 - Directed by: Robert Zemeckis
 - Released: 1989-11-22
 - Id: 6a19b294-d789-4b80-a01c-f6bd3f6c15a7
Movie created at 2023-09-30 09:17:24.845751600
* Who Framed Roger Rabbit
 - Directed by: Robert Zemeckis
 - Released: 1988-06-21
 - Id: c2591706-6645-4286-acb4-09f12eed8355
Movie created at 2023-09-30 09:17:24.846771900
* The Lord of the Rings: The Fellowship of the Ring
 - Directed by: Peter Jackson
 - Released: 2001-12-18
 - Id: 46580434-0835-476a-9214-af8b3b87c384
Movie created at 2023-09-30 09:17:24.848773400
* The Lord of the Rings: The Two Towers
 - Directed by: Peter Jackson
 - Released: 2002-12-18
 - Id: 5c563448-1894-408a-9fd7-3499e815b7bd
Movie created at 2023-09-30 09:17:24.849754600
* The Lord of the Rings: The Return of the King
 - Directed by: Peter Jackson
 - Released: 2003-12-01
 - Id: f41c784e-007a-466a-8a68-c288818f5a00
Movie created at 2023-09-30 09:17:24.853752600
* Rouge One
 - Directed by: Gareth Edwards
 - Released: 2016-12-16
 - Id: 7ce04374-04ab-42eb-a01c-b044e2675883
Movie created at 2023-09-30 09:17:24.855753500
* The Hitchhiker's Guide to the Galaxy
 - Directed by: Garth Jennings
 - Released: 2005-04-28
 - Id: 038539fc-2112-47ab-892f-f9c0521f4e1d
Movie created at 2023-09-30 09:17:24.861751400
* Star Trek
 - Directed by: J.J. Abrams
 - Released: 2009-05-06
 - Id: 67657bb1-c5a2-4f3b-aecf-7f4ded0f5558
Movie created at 2023-09-30 09:17:24.861751400
* Star Trek II: The Wrath of Khan
 - Directed by: Nicholas Meyer
 - Released: 1982-06-04
 - Id: a3579bcf-d476-4897-ad56-9f7365ea57ac
Movie created at 2023-09-30 09:17:24.864140300
* Star Trek Into Darkness
 - Directed by: J.J. Abrams
 - Released: 2013-05-05
 - Id: 91e03352-0667-4d73-b882-a1eaaaf58a2a
Movie created at 2023-09-30 09:17:24.866137900
* The Lord of the Rings: The Return of the King
 - Directed by: Peter Jackson
 - Released: 2003-12-01
 - Id: e99de811-59cb-4c8e-a9f3-1f386ff00133
Movie created at 2023-09-30 09:17:24.867160100
* The Lord of the Rings: The Two Towers
 - Directed by: Peter Jackson
 - Released: 2002-12-18
 - Id: 53f5a99f-5187-4b28-a754-78b68743fe97
Movie created at 2023-09-30 09:17:24.868141300
* The Lord of the Rings: The Fellowship of the Ring
 - Directed by: Peter Jackson
 - Released: 2001-12-18
 - Id: 2b3661e8-bcfb-4aa8-b3ad-f61ea568841e
Movie created at 2023-09-30 09:17:24.870139900
* Memento
 - Directed by: Christopher Nolan
 - Released: 2000-10-11
 - Id: 3fe807b9-a05b-4556-9804-56bca5b39d57
Movie created at 2023-09-30 09:17:24.871139700
* Inception
 - Directed by: Christopher Nolan
 - Released: 2010-07-15
 - Id: 9b0d0ec0-6a67-4573-ae79-d75a9f708d65
Movie created at 2023-09-30 09:17:24.876145400
* Rouge One
 - Directed by: Gareth Edwards
 - Released: 2016-12-16
 - Id: c72c1c0c-0cc0-4689-9d59-09097093dc98
Movie created at 2023-09-30 09:17:24.878143500
* Star Wars
 - Directed by: George Lucas
 - Released: 1977-05-25
 - Id: 5405531f-a43b-433b-95e6-e7f245639248
Movie created at 2023-09-30 09:17:24.880140300
* Back to the Future
 - Directed by: Robert Zemeckis
 - Released: 1985-07-03
 - Id: 1795688c-67eb-4011-a33f-bce64fa9440c
Movie created at 2023-09-30 09:17:24.881139700
* Back to the Future Part II
 - Directed by: Robert Zemeckis
 - Released: 1989-11-22
 - Id: d164a9c3-edbe-4c79-8dd6-909e9bbd69a0
Movie created at 2023-09-30 09:17:24.883139700
* Back to the Future Part III
 - Directed by: Robert Zemeckis
 - Released: 1990-05-25
 - Id: 5d84a67e-d10a-45f7-98ef-ebe33c7a0024
Movie created at 2023-09-30 09:17:24.886139800
* The Fifth Element
 - Directed by: Luc Besson
 - Released: 1997-05-02
 - Id: f17b4e94-fe88-4ab1-b616-ce93f867118d
Movie created at 2023-09-30 09:17:24.887140300
* The Lord of the Rings: The Fellowship of the Ring
 - Directed by: Peter Jackson
 - Released: 2001-12-18
 - Id: aa77414c-84c2-4fd7-81f4-b86b0e7ea789
Movie created at 2023-09-30 09:17:24.888140300
* The Lord of the Rings: The Two Towers
 - Directed by: Peter Jackson
 - Released: 2002-12-18
 - Id: 3ed05dae-c079-429b-84fa-dd215da4a466
Movie created at 2023-09-30 09:17:24.890140
* The Lord of the Rings: The Return of the King
 - Directed by: Peter Jackson
 - Released: 2003-12-01
 - Id: 25e245db-9a30-49f1-ac8c-a21dc31cd159
Movie created at 2023-09-30 09:17:24.891140300
* Close Encounters of the Third Kind
 - Directed by: Steven Spielberg
 - Released: 1977-11-18
 - Id: 29a1db1a-4a86-4a39-afd2-9c8ed8816654
Movie created at 2023-09-30 09:17:24.895139500
* Star Trek Into Darkness
 - Directed by: J.J. Abrams
 - Released: 2013-05-05
 - Id: 3fd01c6b-99da-4a15-95bc-5b9081fc9d9e
Movie created at 2023-09-30 09:17:24.898141800
* Jurassic Park
 - Directed by: Steven Spielberg
 - Released: 1993-06-11
 - Id: 449cb6fc-91b6-4bd0-8326-a20c6d3400c2
Movie created at 2023-09-30 09:17:24.910146500
* The Hitchhiker's Guide to the Galaxy
 - Directed by: Garth Jennings
 - Released: 2005-04-28
 - Id: d2191544-4a2f-4634-afde-a3e405568d46
Movie created at 2023-09-30 09:17:24.924667600
* Home Alone
 - Directed by: Chris Columbus
 - Released: 1990-11-16
 - Id: 26462521-0610-4078-b774-836bfcc755d3
Movie created at 2023-09-30 09:17:39.115949700
* Home Alone
 - Directed by: Chris Columbus
 - Released: 1990-11-16
 - Id: 0f063f04-84a4-48dd-8ea4-95a36771bc6e
Movie created at 2023-09-30 09:17:39.125921900
* Jurassic Park
 - Directed by: Steven Spielberg
 - Released: 1993-06-11
 - Id: c489bd62-71a2-443b-8911-f0ce20e90595
Movie created at 2023-09-30 09:17:39.157619400
* Memento
 - Directed by: Christopher Nolan
 - Released: 2000-10-11
 - Id: 66cfa065-cad0-4af7-b818-37380017255e
Movie created at 2023-09-30 09:17:39.163152400
* Inception
 - Directed by: Christopher Nolan
 - Released: 2010-07-15
 - Id: 7c1c141b-5c26-4e1d-b4b5-d963e96837dc
Movie created at 2023-09-30 09:17:39.166153300
* Interstellar
 - Directed by: Christopher Nolan
 - Released: 2014-11-05
 - Id: c3c092d2-253b-4680-abfd-233a40a450d5
Movie created at 2023-09-30 09:17:39.169673700
* Rouge One
 - Directed by: Gareth Edwards
 - Released: 2016-12-16
 - Id: 75822b8d-0636-4f83-b124-f8ba8d2e509e
Movie created at 2023-09-30 09:17:39.171673200
* Contact
 - Directed by: Robert Zemeckis
 - Released: 1997-07-11
 - Id: 18f88ff8-72b2-419a-b4fd-462591a9f833
Movie created at 2023-09-30 09:17:39.173975800
* Jurassic Park
 - Directed by: Steven Spielberg
 - Released: 1993-06-11
 - Id: 320d6fc8-407c-4d58-b6dd-1fd98dba35a8
Movie created at 2023-09-30 09:17:39.177240200
* The Hitchhiker's Guide to the Galaxy
 - Directed by: Garth Jennings
 - Released: 2005-04-28
 - Id: 983f1b1a-1f5b-4907-bf5f-4ab18c65ef68
Movie created at 2023-09-30 09:17:39.179254900
* Star Wars
 - Directed by: George Lucas
 - Released: 1977-05-25
 - Id: 4d2def9f-455f-4cc4-a35f-9aaf5af50205
Movie created at 2023-09-30 09:17:39.182242
* Star Trek
 - Directed by: J.J. Abrams
 - Released: 2009-05-06
 - Id: c7cb7a70-3f56-47d4-a111-10961c4acc8b
Movie created at 2023-09-30 09:17:39.183240400
* Star Trek Into Darkness
 - Directed by: J.J. Abrams
 - Released: 2013-05-05
 - Id: 640106a5-1ba8-4bf3-bb33-19c917f0f4fd
Movie created at 2023-09-30 09:17:39.189834300
* Forrest Gump
 - Directed by: Robert Zemeckis
 - Released: 1994-07-06
 - Id: c9306178-bd3e-46c7-8ba8-8dc044dfb426
Movie created at 2023-09-30 09:17:39.193244200
* Cast Away
 - Directed by: Robert Zemeckis
 - Released: 2000-12-22
 - Id: cfa53177-4d3a-4f7d-be21-6f7e000329b7
Movie created at 2023-09-30 09:17:39.197242700
* The Fifth Element
 - Directed by: Luc Besson
 - Released: 1997-05-02
 - Id: 02060f72-e291-4c0d-92e6-46709ddc8a0b
Movie created at 2023-09-30 09:17:39.201268500
* Close Encounters of the Third Kind
 - Directed by: Steven Spielberg
 - Released: 1977-11-18
 - Id: e24c9f91-543b-4321-bc00-cc2e03cf218e
Movie created at 2023-09-30 09:17:39.215653300
* Star Wars
 - Directed by: George Lucas
 - Released: 1977-05-25
 - Id: 3f9a8a01-3707-47cc-b293-df1d0c33e101
Movie created at 2023-09-30 09:17:39.219173800
* Jurassic Park
 - Directed by: Steven Spielberg
 - Released: 1993-06-11
 - Id: fa3bb454-613a-4381-b8a1-3123e403ce95
Movie created at 2023-09-30 09:17:39.227649
* The Hitchhiker's Guide to the Galaxy
 - Directed by: Garth Jennings
 - Released: 2005-04-28
 - Id: 4d1ceb65-0217-4e7a-a655-84d810206efa
Movie created at 2023-09-30 09:17:39.234674900
* Finding Nemo
 - Directed by: Andrew Stanton
 - Released: 2003-05-30
 - Id: 03ff67fb-b7d6-4b8d-b32f-917ce8263da2
Movie created at 2023-09-30 09:17:39.239121500
* WALL·E
 - Directed by: Andrew Stanton
 - Released: 2008-06-22
 - Id: 7104aaaa-474b-472e-8602-ec48c337a912
Movie created at 2023-09-30 09:17:39.242424900
* Coco
 - Directed by: Lee Unkrich
 - Released: 2017-10-27
 - Id: a6c85b5e-bcd2-4a4b-8f05-5fc456056cbb
Movie created at 2023-09-30 09:17:39.246424100
* Toy Story 3
 - Directed by: Lee Unkrich
 - Released: 2010-06-16
 - Id: 52ea4ff6-9cbb-41ef-9dd6-d79f6d19cfe6
Movie created at 2023-09-30 09:17:39.257968100
* The Polar Express
 - Directed by: Robert Zemeckis
 - Released: 2004-11-10
 - Id: ef9c5deb-8816-4ea1-8422-ef5d6fc52535
Movie created at 2023-09-30 09:17:39.260123600
* Shrek
 - Directed by: Andrew Adamson
 - Released: 2001-05-18
 - Id: ac5a2a1a-a65d-40c6-b941-f57a87b40843
Movie created at 2023-09-30 09:17:39.265122600
* Home Alone
 - Directed by: Chris Columbus
 - Released: 1990-11-16
 - Id: 1351a472-b97a-4d1f-9ca1-eed591d7d5a9
Movie created at 2023-09-30 09:17:39.272673200
* Back to the Future Part III
 - Directed by: Robert Zemeckis
 - Released: 1990-05-25
 - Id: e74b6e72-9605-4c00-ae4e-ec4dd4da06b9
Movie created at 2023-09-30 09:17:39.278016900
* Back to the Future
 - Directed by: Robert Zemeckis
 - Released: 1985-07-03
 - Id: a27bcecb-9487-4d39-9c91-696592a8cec1
Movie created at 2023-09-30 09:17:39.281027700
* Back to the Future Part II
 - Directed by: Robert Zemeckis
 - Released: 1989-11-22
 - Id: 58117dcd-29ac-477a-b3f7-e2396913c098
Movie created at 2023-09-30 09:17:39.298671
* Who Framed Roger Rabbit
 - Directed by: Robert Zemeckis
 - Released: 1988-06-21
 - Id: efb03544-ee8f-45f1-b8d1-2213baddf043
Movie created at 2023-09-30 09:17:39.302190500
* The Lord of the Rings: The Fellowship of the Ring
 - Directed by: Peter Jackson
 - Released: 2001-12-18
 - Id: 6c14d6ac-706a-4f9c-99b4-815cdc32761d
Movie created at 2023-09-30 09:17:39.304197900
* The Lord of the Rings: The Two Towers
 - Directed by: Peter Jackson
 - Released: 2002-12-18
 - Id: 9ee38705-e6c9-4f82-9872-816fa4085077
Movie created at 2023-09-30 09:17:39.306197600
* The Lord of the Rings: The Return of the King
 - Directed by: Peter Jackson
 - Released: 2003-12-01
 - Id: be2e197c-0622-4814-aa9f-ee541187eb70
Movie created at 2023-09-30 09:17:39.310198700
* Rouge One
 - Directed by: Gareth Edwards
 - Released: 2016-12-16
 - Id: 56f2b639-4057-4ce1-b1af-e5e9d8dd975c
Movie created at 2023-09-30 09:17:39.312196600
* The Hitchhiker's Guide to the Galaxy
 - Directed by: Garth Jennings
 - Released: 2005-04-28
 - Id: 924f256e-1a12-4878-8f60-7e5412a84d51
Movie created at 2023-09-30 09:17:39.325079600
* Star Trek
 - Directed by: J.J. Abrams
 - Released: 2009-05-06
 - Id: ff3046a0-c4c1-4bc8-9d45-8726e90b9973
Movie created at 2023-09-30 09:17:39.328081100
* Star Trek II: The Wrath of Khan
 - Directed by: Nicholas Meyer
 - Released: 1982-06-04
 - Id: 6851f8df-707d-4ec4-beab-132ae6dfa3c9
Movie created at 2023-09-30 09:17:39.331081300
* Star Trek Into Darkness
 - Directed by: J.J. Abrams
 - Released: 2013-05-05
 - Id: e6eb6f4d-de44-4d3b-8090-f570727a2a8c
Movie created at 2023-09-30 09:17:39.342617700
* The Lord of the Rings: The Return of the King
 - Directed by: Peter Jackson
 - Released: 2003-12-01
 - Id: aebfe1ab-f2f5-4fcc-9d2b-271827bd97f3
Movie created at 2023-09-30 09:17:39.345615
* The Lord of the Rings: The Two Towers
 - Directed by: Peter Jackson
 - Released: 2002-12-18
 - Id: 9dbdf52d-02da-4053-acec-2b2d896b3af4
Movie created at 2023-09-30 09:17:39.347618300
* The Lord of the Rings: The Fellowship of the Ring
 - Directed by: Peter Jackson
 - Released: 2001-12-18
 - Id: b23f8265-2689-4a95-a149-504f58c56780
Movie created at 2023-09-30 09:17:39.349615700
* Memento
 - Directed by: Christopher Nolan
 - Released: 2000-10-11
 - Id: ac4b0ec2-542c-4b7f-aabe-53696d0d90ad
Movie created at 2023-09-30 09:17:39.353127500
* Inception
 - Directed by: Christopher Nolan
 - Released: 2010-07-15
 - Id: 0d4dcf5b-318b-4a06-ab69-d2ade66ce077
Movie created at 2023-09-30 09:17:39.369604100
* Rouge One
 - Directed by: Gareth Edwards
 - Released: 2016-12-16
 - Id: 76952a61-973f-4fbd-844d-5e0df8d2019a
Movie created at 2023-09-30 09:17:39.372613
* Star Wars
 - Directed by: George Lucas
 - Released: 1977-05-25
 - Id: f7f2d3e0-f7b8-4439-985f-d053a8300740
Movie created at 2023-09-30 09:17:39.374613600
* Back to the Future
 - Directed by: Robert Zemeckis
 - Released: 1985-07-03
 - Id: bdeead41-eed9-4d0a-812a-3bfc5ae25b2b
Movie created at 2023-09-30 09:17:39.377615200
* Back to the Future Part II
 - Directed by: Robert Zemeckis
 - Released: 1989-11-22
 - Id: 44d2c1dd-3133-4d0d-9af4-686658dd92c1
Movie created at 2023-09-30 09:17:39.384635800
* Back to the Future Part III
 - Directed by: Robert Zemeckis
 - Released: 1990-05-25
 - Id: 806fb3df-588e-448e-855e-9150a242a047
Movie created at 2023-09-30 09:17:39.391591500
* The Fifth Element
 - Directed by: Luc Besson
 - Released: 1997-05-02
 - Id: 0420d9c6-4f4b-43ca-8cf5-03559172c0b3
Movie created at 2023-09-30 09:17:39.395737800
* The Lord of the Rings: The Fellowship of the Ring
 - Directed by: Peter Jackson
 - Released: 2001-12-18
 - Id: 9bed3028-6fef-43af-a556-8f12c8e5d164
Movie created at 2023-09-30 09:17:39.398815900
* The Lord of the Rings: The Two Towers
 - Directed by: Peter Jackson
 - Released: 2002-12-18
 - Id: 53407db5-a732-44ad-8362-1fbd6945c35c
Movie created at 2023-09-30 09:17:39.402597500
* The Lord of the Rings: The Return of the King
 - Directed by: Peter Jackson
 - Released: 2003-12-01
 - Id: e54c8758-e410-4c09-8602-cf3c998061c0
Movie created at 2023-09-30 09:17:39.404633400
* Close Encounters of the Third Kind
 - Directed by: Steven Spielberg
 - Released: 1977-11-18
 - Id: 094c9780-ce82-4a83-a1e2-efa31b3513d9
Movie created at 2023-09-30 09:17:39.411299900
* Star Trek Into Darkness
 - Directed by: J.J. Abrams
 - Released: 2013-05-05
 - Id: 60058c35-9fc9-4252-9963-79053e69edb2
Movie created at 2023-09-30 09:17:39.414298300
* Jurassic Park
 - Directed by: Steven Spielberg
 - Released: 1993-06-11
 - Id: 37b4f463-346b-44a9-94a5-e7fa9d731e4f
Movie created at 2023-09-30 09:17:39.433158200
* The Hitchhiker's Guide to the Galaxy
 - Directed by: Garth Jennings
 - Released: 2005-04-28
 - Id: bf5d3d0c-247b-40f5-9377-1fbac28812c7
Movie created at 2023-09-30 09:17:39.457206200
* Home Alone
 - Directed by: Chris Columbus
 - Released: 1990-11-16
 - Id: d6d0ffd8-efa7-4bfb-90cc-eb1cd019833a
Movie created at 2023-09-30 09:19:37.432906200
* Home Alone
 - Directed by: Chris Columbus
 - Released: 1990-11-16
 - Id: 38a19e5a-5549-4692-a9b3-97e97152738f
Movie created at 2023-09-30 09:19:37.448781900
* Jurassic Park
 - Directed by: Steven Spielberg
 - Released: 1993-06-11
 - Id: e53037b3-8c08-43a9-8876-4eef0c6c876e
Movie created at 2023-09-30 09:19:37.475939100
* Memento
 - Directed by: Christopher Nolan
 - Released: 2000-10-11
 - Id: 082ec00f-ff0d-45ed-9c60-f19af589cb4d
Movie created at 2023-09-30 09:19:37.479677800
* Inception
 - Directed by: Christopher Nolan
 - Released: 2010-07-15
 - Id: 2cdd6faf-9c15-4426-b6e3-dfa7aff872f0
Movie created at 2023-09-30 09:19:37.481712900
* Interstellar
 - Directed by: Christopher Nolan
 - Released: 2014-11-05
 - Id: 9a082715-a3cc-4bdf-9bdb-015a1802edd8
Movie created at 2023-09-30 09:19:37.485763100
* Rouge One
 - Directed by: Gareth Edwards
 - Released: 2016-12-16
 - Id: 3e895244-bf89-4dbc-b07e-71e370cd5dd8
Movie created at 2023-09-30 09:19:37.491698200
* Contact
 - Directed by: Robert Zemeckis
 - Released: 1997-07-11
 - Id: 0979bd59-7d7f-4d63-9e92-88439b9407ee
Movie created at 2023-09-30 09:19:37.494706700
* Jurassic Park
 - Directed by: Steven Spielberg
 - Released: 1993-06-11
 - Id: 14fb9fed-95bc-4bbf-8dae-a8e31dcc46bc
Movie created at 2023-09-30 09:19:37.497979
* The Hitchhiker's Guide to the Galaxy
 - Directed by: Garth Jennings
 - Released: 2005-04-28
 - Id: e2c6aa7c-b917-4fb9-b4bd-ac67a82c69f0
Movie created at 2023-09-30 09:19:37.501488700
* Star Wars
 - Directed by: George Lucas
 - Released: 1977-05-25
 - Id: 01b95eb8-a372-491d-ac76-1655bee5022e
Movie created at 2023-09-30 09:19:37.504507300
* Star Trek
 - Directed by: J.J. Abrams
 - Released: 2009-05-06
 - Id: 0d614a7e-f443-43cd-8293-601b62046802
Movie created at 2023-09-30 09:19:37.506503700
* Star Trek Into Darkness
 - Directed by: J.J. Abrams
 - Released: 2013-05-05
 - Id: fd421c3b-575e-45f9-8ef7-ba3c53bb0d6c
Movie created at 2023-09-30 09:19:37.511502600
* Forrest Gump
 - Directed by: Robert Zemeckis
 - Released: 1994-07-06
 - Id: 8a3917c5-aff1-4177-aca7-f0ad60f5eb3d
Movie created at 2023-09-30 09:19:37.513508
* Cast Away
 - Directed by: Robert Zemeckis
 - Released: 2000-12-22
 - Id: 2b1eac28-ce24-4b52-8179-284f7de26a8a
Movie created at 2023-09-30 09:19:37.516871
* The Fifth Element
 - Directed by: Luc Besson
 - Released: 1997-05-02
 - Id: 01ea4698-5c85-4120-bf84-5d090caf3e21
Movie created at 2023-09-30 09:19:37.517867300
* Close Encounters of the Third Kind
 - Directed by: Steven Spielberg
 - Released: 1977-11-18
 - Id: cec4838e-74a5-40bc-8438-49f5a1b7830f
Movie created at 2023-09-30 09:19:37.528991200
* Star Wars
 - Directed by: George Lucas
 - Released: 1977-05-25
 - Id: ac764dce-99bc-49f9-9fe6-36b7c9ca6966
Movie created at 2023-09-30 09:19:37.530999
* Jurassic Park
 - Directed by: Steven Spielberg
 - Released: 1993-06-11
 - Id: 9210adba-a677-449a-8798-501dfe48ca6d
Movie created at 2023-09-30 09:19:37.539529
* The Hitchhiker's Guide to the Galaxy
 - Directed by: Garth Jennings
 - Released: 2005-04-28
 - Id: f31bd282-fa90-4953-bf10-5c798efc7fc3
Movie created at 2023-09-30 09:19:37.544530500
* Finding Nemo
 - Directed by: Andrew Stanton
 - Released: 2003-05-30
 - Id: 92276f0e-b4ad-4b05-8714-7fe1cf61257f
Movie created at 2023-09-30 09:19:37.545529900
* WALL·E
 - Directed by: Andrew Stanton
 - Released: 2008-06-22
 - Id: f2cc6665-dc21-4a37-b389-e7411725432d
Movie created at 2023-09-30 09:19:37.547533400
* Coco
 - Directed by: Lee Unkrich
 - Released: 2017-10-27
 - Id: b1ffea1b-ae2e-4bbc-93a9-9197b32083bf
Movie created at 2023-09-30 09:19:37.549528400
* Toy Story 3
 - Directed by: Lee Unkrich
 - Released: 2010-06-16
 - Id: 301eafc9-8611-4532-8789-3b8359f67cc5
Movie created at 2023-09-30 09:19:37.555532100
* The Polar Express
 - Directed by: Robert Zemeckis
 - Released: 2004-11-10
 - Id: e7521d68-af94-42b5-8112-dfcc33e86b38
Movie created at 2023-09-30 09:19:37.557529200
* Shrek
 - Directed by: Andrew Adamson
 - Released: 2001-05-18
 - Id: a871fe01-fcb7-452c-93a8-60aa83c5f2e3
Movie created at 2023-09-30 09:19:37.562527700
* Home Alone
 - Directed by: Chris Columbus
 - Released: 1990-11-16
 - Id: da359cd6-c4ea-4f76-81a9-e3842c0532aa
Movie created at 2023-09-30 09:19:37.569015300
* Back to the Future Part III
 - Directed by: Robert Zemeckis
 - Released: 1990-05-25
 - Id: fdcc8ba5-8535-43e1-b423-516bc676e2c6
Movie created at 2023-09-30 09:19:37.573351300
* Back to the Future
 - Directed by: Robert Zemeckis
 - Released: 1985-07-03
 - Id: 6f4bd1e9-9931-4166-b564-7ecced2e6d14
Movie created at 2023-09-30 09:19:37.575348
* Back to the Future Part II
 - Directed by: Robert Zemeckis
 - Released: 1989-11-22
 - Id: aa9c5986-0d70-4c1c-aecc-6ca903b88369
Movie created at 2023-09-30 09:19:37.585859900
* Who Framed Roger Rabbit
 - Directed by: Robert Zemeckis
 - Released: 1988-06-21
 - Id: 70b44ccd-132b-4998-ae69-de6514789a7d
Movie created at 2023-09-30 09:19:37.587864600
* The Lord of the Rings: The Fellowship of the Ring
 - Directed by: Peter Jackson
 - Released: 2001-12-18
 - Id: cf4ce655-e482-47b0-8a0c-6ff509506690
Movie created at 2023-09-30 09:19:37.591014600
* The Lord of the Rings: The Two Towers
 - Directed by: Peter Jackson
 - Released: 2002-12-18
 - Id: c529fb2b-eef8-4c1a-a538-44789dbe3234
Movie created at 2023-09-30 09:19:37.593015800
* The Lord of the Rings: The Return of the King
 - Directed by: Peter Jackson
 - Released: 2003-12-01
 - Id: 641a9c0e-e3bc-4e6f-bc6e-69559b723d8f
Movie created at 2023-09-30 09:19:37.598018100
* Rouge One
 - Directed by: Gareth Edwards
 - Released: 2016-12-16
 - Id: 087f2b9c-e172-44a0-9000-4824d1b00a1d
Movie created at 2023-09-30 09:19:37.600016800
* The Hitchhiker's Guide to the Galaxy
 - Directed by: Garth Jennings
 - Released: 2005-04-28
 - Id: a40cd26b-bfec-4bde-872e-0e6e3f6438d1
Movie created at 2023-09-30 09:19:37.611233
* Star Trek
 - Directed by: J.J. Abrams
 - Released: 2009-05-06
 - Id: 636d8fdb-4cb4-4b06-a05d-5768686f535e
Movie created at 2023-09-30 09:19:37.612239800
* Star Trek II: The Wrath of Khan
 - Directed by: Nicholas Meyer
 - Released: 1982-06-04
 - Id: 9e7ac707-687e-4502-b724-f163384ffe2b
Movie created at 2023-09-30 09:19:37.614237900
* Star Trek Into Darkness
 - Directed by: J.J. Abrams
 - Released: 2013-05-05
 - Id: 677dbe77-2303-4684-9902-209a6cce20d7
Movie created at 2023-09-30 09:19:37.617743800
* The Lord of the Rings: The Return of the King
 - Directed by: Peter Jackson
 - Released: 2003-12-01
 - Id: 3a1685a4-fe6d-4f5b-bb0d-4ecc9a3b69a0
Movie created at 2023-09-30 09:19:37.618754
* The Lord of the Rings: The Two Towers
 - Directed by: Peter Jackson
 - Released: 2002-12-18
 - Id: d7bb7447-b17e-45bf-9135-13156c939c5e
Movie created at 2023-09-30 09:19:37.620759400
* The Lord of the Rings: The Fellowship of the Ring
 - Directed by: Peter Jackson
 - Released: 2001-12-18
 - Id: 0fc2cddf-56ad-4259-8fd2-525eb2ddeafc
Movie created at 2023-09-30 09:19:37.622758900
* Memento
 - Directed by: Christopher Nolan
 - Released: 2000-10-11
 - Id: 35653efb-ffed-4d12-be62-c350044ac8e7
Movie created at 2023-09-30 09:19:37.624758700
* Inception
 - Directed by: Christopher Nolan
 - Released: 2010-07-15
 - Id: 16a82e72-0537-4e91-9ccb-cb2c3ce4defe
Movie created at 2023-09-30 09:19:37.633759700
* Rouge One
 - Directed by: Gareth Edwards
 - Released: 2016-12-16
 - Id: e89791d6-17a5-4fed-bf4b-83ef47605220
Movie created at 2023-09-30 09:19:37.635970100
* Star Wars
 - Directed by: George Lucas
 - Released: 1977-05-25
 - Id: 05d2ba6d-38b5-45f3-8441-c957379dc3e7
Movie created at 2023-09-30 09:19:37.639977200
* Back to the Future
 - Directed by: Robert Zemeckis
 - Released: 1985-07-03
 - Id: 3f7eba56-4e03-4fc5-9b91-509ba1320bb0
Movie created at 2023-09-30 09:19:37.641974700
* Back to the Future Part II
 - Directed by: Robert Zemeckis
 - Released: 1989-11-22
 - Id: e93e3780-78ac-4133-a0e3-6e4c76e1a9cd
Movie created at 2023-09-30 09:19:37.643994
* Back to the Future Part III
 - Directed by: Robert Zemeckis
 - Released: 1990-05-25
 - Id: 05607ad4-fef9-4060-bb5c-588048339573
Movie created at 2023-09-30 09:19:37.648975900
* The Fifth Element
 - Directed by: Luc Besson
 - Released: 1997-05-02
 - Id: ece16d67-8bc5-4fca-b23c-c6de24d9d0b5
Movie created at 2023-09-30 09:19:37.652061100
* The Lord of the Rings: The Fellowship of the Ring
 - Directed by: Peter Jackson
 - Released: 2001-12-18
 - Id: 548fd60e-cfdb-4019-a7cc-d4b14e2a4203
Movie created at 2023-09-30 09:19:37.654059900
* The Lord of the Rings: The Two Towers
 - Directed by: Peter Jackson
 - Released: 2002-12-18
 - Id: ff168246-4762-47ab-bd48-044984531395
Movie created at 2023-09-30 09:19:37.656059500
* The Lord of the Rings: The Return of the King
 - Directed by: Peter Jackson
 - Released: 2003-12-01
 - Id: 0eecef80-0e0d-4d6f-9a2d-e83c08117480
Movie created at 2023-09-30 09:19:37.659078
* Close Encounters of the Third Kind
 - Directed by: Steven Spielberg
 - Released: 1977-11-18
 - Id: d9365351-0353-4f8a-b2e9-757523e5d4b4
Movie created at 2023-09-30 09:19:37.666566100
* Star Trek Into Darkness
 - Directed by: J.J. Abrams
 - Released: 2013-05-05
 - Id: c280f12d-96c7-465e-8113-0a8266e9e01a
Movie created at 2023-09-30 09:19:37.670109300
* Jurassic Park
 - Directed by: Steven Spielberg
 - Released: 1993-06-11
 - Id: 571fe83f-0ffc-45b0-b4b3-eb950b97376c
Movie created at 2023-09-30 09:19:37.685617300
* The Hitchhiker's Guide to the Galaxy
 - Directed by: Garth Jennings
 - Released: 2005-04-28
 - Id: b52a3404-82b8-48ef-8d7e-39a2738d0c1d
Movie created at 2023-09-30 09:19:37.702150200
* Home Alone
 - Directed by: Chris Columbus
 - Released: 1990-11-16
 - Id: 8b95f7a6-fec2-4319-9cdc-0469cfb0613f
Movie created at 2023-09-30 09:20:44.668053700
* Home Alone
 - Directed by: Chris Columbus
 - Released: 1990-11-16
 - Id: 73be8ee3-fc7a-4809-a7bc-8666d2bef9ec
Movie created at 2023-09-30 09:20:44.677344400
* Jurassic Park
 - Directed by: Steven Spielberg
 - Released: 1993-06-11
 - Id: a371bf13-72b9-47fb-8a5b-dacce2199bdb
Movie created at 2023-09-30 09:20:44.699775100
* Memento
 - Directed by: Christopher Nolan
 - Released: 2000-10-11
 - Id: 6f31086e-0892-42cf-bfeb-4c99a31a3893
Movie created at 2023-09-30 09:20:44.702428400
* Inception
 - Directed by: Christopher Nolan
 - Released: 2010-07-15
 - Id: 8b72dc9e-2697-4ca6-8af6-3ff50c14b2e9
Movie created at 2023-09-30 09:20:44.704432100
* Interstellar
 - Directed by: Christopher Nolan
 - Released: 2014-11-05
 - Id: 72bfebac-55e2-4e25-91da-e4b04ee9d8e4
Movie created at 2023-09-30 09:20:44.707449700
* Rouge One
 - Directed by: Gareth Edwards
 - Released: 2016-12-16
 - Id: 5db47c3b-008e-4213-b70f-bf2d689aa874
Movie created at 2023-09-30 09:20:44.710449500
* Contact
 - Directed by: Robert Zemeckis
 - Released: 1997-07-11
 - Id: 497d1cfc-a299-4907-b430-f5004ba19239
Movie created at 2023-09-30 09:20:44.713450400
* Jurassic Park
 - Directed by: Steven Spielberg
 - Released: 1993-06-11
 - Id: 948d3bdc-6cce-4f82-a630-9d733a2e1b02
Movie created at 2023-09-30 09:20:44.716451100
* The Hitchhiker's Guide to the Galaxy
 - Directed by: Garth Jennings
 - Released: 2005-04-28
 - Id: 4c2fc712-00e9-4fc9-8401-f845678dcab5
Movie created at 2023-09-30 09:20:44.718451900
* Star Wars
 - Directed by: George Lucas
 - Released: 1977-05-25
 - Id: f428ec33-36b8-413e-a7ce-dfc6be639158
Movie created at 2023-09-30 09:20:44.720449800
* Star Trek
 - Directed by: J.J. Abrams
 - Released: 2009-05-06
 - Id: da49f232-a6a6-483f-a012-dd7276f31052
Movie created at 2023-09-30 09:20:44.721451200
* Star Trek Into Darkness
 - Directed by: J.J. Abrams
 - Released: 2013-05-05
 - Id: 26a633de-fad4-4084-991e-be37168581bb
Movie created at 2023-09-30 09:20:44.726452600
* Forrest Gump
 - Directed by: Robert Zemeckis
 - Released: 1994-07-06
 - Id: b54ab952-d691-4196-9d33-d5b6c865aaae
Movie created at 2023-09-30 09:20:44.727453
* Cast Away
 - Directed by: Robert Zemeckis
 - Released: 2000-12-22
 - Id: ccf3b699-42af-4217-b6b1-3053ef8efbf7
Movie created at 2023-09-30 09:20:44.731453200
* The Fifth Element
 - Directed by: Luc Besson
 - Released: 1997-05-02
 - Id: c3b6404f-5a80-4709-99ef-be294b3bc16d
Movie created at 2023-09-30 09:20:44.733452500
* Close Encounters of the Third Kind
 - Directed by: Steven Spielberg
 - Released: 1977-11-18
 - Id: 5159569f-712c-4984-a02f-45aac47dd81e
Movie created at 2023-09-30 09:20:44.740978600
* Star Wars
 - Directed by: George Lucas
 - Released: 1977-05-25
 - Id: 8bc43bc2-7b48-41f9-843e-efd6985c6acd
Movie created at 2023-09-30 09:20:44.742975200
* Jurassic Park
 - Directed by: Steven Spielberg
 - Released: 1993-06-11
 - Id: 50e1b754-572e-452a-9872-d4a645ba7a35
Movie created at 2023-09-30 09:20:44.747976700
* The Hitchhiker's Guide to the Galaxy
 - Directed by: Garth Jennings
 - Released: 2005-04-28
 - Id: 7a48392f-2260-4639-9839-79b0d53ba7e2
Movie created at 2023-09-30 09:20:44.752486200
* Finding Nemo
 - Directed by: Andrew Stanton
 - Released: 2003-05-30
 - Id: 3684fbdc-f9e0-4127-b998-ad13d14f0dfb
Movie created at 2023-09-30 09:20:44.754489300
* WALL·E
 - Directed by: Andrew Stanton
 - Released: 2008-06-22
 - Id: e9ca7ee0-345a-450b-b1f7-128f345f99a7
Movie created at 2023-09-30 09:20:44.758490700
* Coco
 - Directed by: Lee Unkrich
 - Released: 2017-10-27
 - Id: d4f3b21e-facf-4bfb-bd46-13d288936690
Movie created at 2023-09-30 09:20:44.759490700
* Toy Story 3
 - Directed by: Lee Unkrich
 - Released: 2010-06-16
 - Id: 30715119-a78e-4772-873b-2638cc83cfe4
Movie created at 2023-09-30 09:20:44.766492900
* The Polar Express
 - Directed by: Robert Zemeckis
 - Released: 2004-11-10
 - Id: a3d37493-ba29-41a0-af47-93c46b895792
Movie created at 2023-09-30 09:20:44.768002
* Shrek
 - Directed by: Andrew Adamson
 - Released: 2001-05-18
 - Id: 68e40ac8-d6cb-4c83-b2f3-f73fd6984e2e
Movie created at 2023-09-30 09:20:44.772009700
* Home Alone
 - Directed by: Chris Columbus
 - Released: 1990-11-16
 - Id: fb531630-7123-464e-a229-fd29f6abc828
Movie created at 2023-09-30 09:20:44.776518300
* Back to the Future Part III
 - Directed by: Robert Zemeckis
 - Released: 1990-05-25
 - Id: 11d60100-8cee-44be-a8f9-a3120d141146
Movie created at 2023-09-30 09:20:44.781518600
* Back to the Future
 - Directed by: Robert Zemeckis
 - Released: 1985-07-03
 - Id: cb72b5f9-0808-41c2-95ee-6621e193a8b7
Movie created at 2023-09-30 09:20:44.784522800
* Back to the Future Part II
 - Directed by: Robert Zemeckis
 - Released: 1989-11-22
 - Id: c582fe8e-5057-4b16-9f4e-b1c5e12cdfbc
Movie created at 2023-09-30 09:20:44.792052
* Who Framed Roger Rabbit
 - Directed by: Robert Zemeckis
 - Released: 1988-06-21
 - Id: 99f9f9a3-87c4-4ed1-9536-0a5df6bd157a
Movie created at 2023-09-30 09:20:44.794047
* The Lord of the Rings: The Fellowship of the Ring
 - Directed by: Peter Jackson
 - Released: 2001-12-18
 - Id: f35ae9c0-5cf9-4b6b-bd2e-e3d1167b354c
Movie created at 2023-09-30 09:20:44.796048500
* The Lord of the Rings: The Two Towers
 - Directed by: Peter Jackson
 - Released: 2002-12-18
 - Id: 57d0ddaf-07cb-467c-af2e-101daabcf7f9
Movie created at 2023-09-30 09:20:44.798049
* The Lord of the Rings: The Return of the King
 - Directed by: Peter Jackson
 - Released: 2003-12-01
 - Id: 8151b399-3905-41ea-8422-a24b72e6083f
Movie created at 2023-09-30 09:20:44.804091500
* Rouge One
 - Directed by: Gareth Edwards
 - Released: 2016-12-16
 - Id: 7ff16208-9887-4395-9f96-22432df5ac66
Movie created at 2023-09-30 09:20:44.806088300
* The Hitchhiker's Guide to the Galaxy
 - Directed by: Garth Jennings
 - Released: 2005-04-28
 - Id: 6ff9a0de-fce4-44ca-b130-2939f20e0c91
Movie created at 2023-09-30 09:20:44.816090800
* Star Trek
 - Directed by: J.J. Abrams
 - Released: 2009-05-06
 - Id: f3035221-608b-442d-a2bb-b0fcfa4efb8e
Movie created at 2023-09-30 09:20:44.818095200
* Star Trek II: The Wrath of Khan
 - Directed by: Nicholas Meyer
 - Released: 1982-06-04
 - Id: dd6781f0-c26b-4ccc-a9ce-da1ff03967e9
Movie created at 2023-09-30 09:20:44.820209300
* Star Trek Into Darkness
 - Directed by: J.J. Abrams
 - Released: 2013-05-05
 - Id: 9022e900-2673-4fe6-b164-d1f78657b56f
Movie created at 2023-09-30 09:20:44.823208500
* The Lord of the Rings: The Return of the King
 - Directed by: Peter Jackson
 - Released: 2003-12-01
 - Id: 99bc76b8-3d4c-4f79-b34f-b37a6bd64538
Movie created at 2023-09-30 09:20:44.825207400
* The Lord of the Rings: The Two Towers
 - Directed by: Peter Jackson
 - Released: 2002-12-18
 - Id: 586d4943-3537-43d0-bece-2b8001cb9412
Movie created at 2023-09-30 09:20:44.827207200
* The Lord of the Rings: The Fellowship of the Ring
 - Directed by: Peter Jackson
 - Released: 2001-12-18
 - Id: 95a2570a-dd08-446d-8ba7-c0aee1556caf
Movie created at 2023-09-30 09:20:44.828208600
* Memento
 - Directed by: Christopher Nolan
 - Released: 2000-10-11
 - Id: df115d1d-c8db-493a-b6a1-5fb8c73dd7ea
Movie created at 2023-09-30 09:20:44.830208100
* Inception
 - Directed by: Christopher Nolan
 - Released: 2010-07-15
 - Id: 5b608c8b-55eb-499f-a559-10be36322167
Movie created at 2023-09-30 09:20:44.839730700
* Rouge One
 - Directed by: Gareth Edwards
 - Released: 2016-12-16
 - Id: f5e760d6-0e53-479b-b5d1-1888bc575801
Movie created at 2023-09-30 09:20:44.841727400
* Star Wars
 - Directed by: George Lucas
 - Released: 1977-05-25
 - Id: 15375620-993c-4af9-9215-6efc66cbed21
Movie created at 2023-09-30 09:20:44.845726900
* Back to the Future
 - Directed by: Robert Zemeckis
 - Released: 1985-07-03
 - Id: e60dea18-56b9-4269-86c8-7751a2841785
Movie created at 2023-09-30 09:20:44.847727900
* Back to the Future Part II
 - Directed by: Robert Zemeckis
 - Released: 1989-11-22
 - Id: af3e3176-b4c4-430f-88a7-6c4626698286
Movie created at 2023-09-30 09:20:44.849726800
* Back to the Future Part III
 - Directed by: Robert Zemeckis
 - Released: 1990-05-25
 - Id: e3735ce5-cde5-45c7-a5fe-de785979f0db
Movie created at 2023-09-30 09:20:44.854251700
* The Fifth Element
 - Directed by: Luc Besson
 - Released: 1997-05-02
 - Id: ac401e3b-5b07-4e9b-baf9-0257454aa046
Movie created at 2023-09-30 09:20:44.857251900
* The Lord of the Rings: The Fellowship of the Ring
 - Directed by: Peter Jackson
 - Released: 2001-12-18
 - Id: c2b7bfc7-4eba-49b7-a506-3dfbb0c96c59
Movie created at 2023-09-30 09:20:44.859251200
* The Lord of the Rings: The Two Towers
 - Directed by: Peter Jackson
 - Released: 2002-12-18
 - Id: 71031471-d7ca-4fd7-aa4a-3e5eca24e20c
Movie created at 2023-09-30 09:20:44.861250900
* The Lord of the Rings: The Return of the King
 - Directed by: Peter Jackson
 - Released: 2003-12-01
 - Id: 4db40e5d-dc60-46b5-831f-23cdc8aff966
Movie created at 2023-09-30 09:20:44.864325200
* Close Encounters of the Third Kind
 - Directed by: Steven Spielberg
 - Released: 1977-11-18
 - Id: 0366f220-e0e4-4d88-8b9b-eb555ee9f6a0
Movie created at 2023-09-30 09:20:44.871851
* Star Trek Into Darkness
 - Directed by: J.J. Abrams
 - Released: 2013-05-05
 - Id: 33a7367c-40d1-4326-ae2b-5ec2821832bf
Movie created at 2023-09-30 09:20:44.874848400
* Jurassic Park
 - Directed by: Steven Spielberg
 - Released: 1993-06-11
 - Id: dacf65d7-bba2-40d7-a966-8b16189acdec
Movie created at 2023-09-30 09:20:44.889468900
* The Hitchhiker's Guide to the Galaxy
 - Directed by: Garth Jennings
 - Released: 2005-04-28
 - Id: 925053eb-2548-4744-867d-730f711de9a8
Movie created at 2023-09-30 09:20:44.908494600
* Home Alone
 - Directed by: Chris Columbus
 - Released: 1990-11-16
 - Id: be06f014-b7b4-4f80-8058-78be3453a89b
