Tool created at 2023-09-30 09:16:37.510818200
* socket wrench
 - Manufactured by: Craftsman
 - Count: 1
 - Id: 10e69fb4-df94-4c66-a9c7-df2ef5098f84
Tool created at 2023-09-30 09:16:37.523757200
* socket wrench
 - Manufactured by: DeWalt
 - Count: 2
 - Id: e5dbe0b3-90ec-4b6e-ab6b-f00766700025
Tool created at 2023-09-30 09:16:37.534435800
* power drill
 - Manufactured by: DeWalt
 - Count: 2
 - Id: 85876bae-f249-4ce3-8099-4e7643d68fca
Tool created at 2023-09-30 09:16:37.535465400
* hand saw
 - Manufactured by: Craftsman
 - Count: 1
 - Id: 52f8c045-98fd-4d7d-95fa-ae13596fe61d
Tool created at 2023-09-30 09:16:37.536472200
* hammer
 - Manufactured by: Craftsman
 - Count: 1
 - Id: 302015d7-444e-4993-bb05-006ed53c779a
Tool created at 2023-09-30 09:16:37.537471100
* stapler
 - Manufactured by: DeWalt
 - Count: 2
 - Id: aed79c42-cd48-47e2-8a28-7ff38cc4b7cd
Tool created at 2023-09-30 09:16:37.553146700
* power drill
 - Manufactured by: DeWalt
 - Count: 1
 - Id: 0735c476-5ee8-4bb9-84f3-44eb410d3841
Tool created at 2023-09-30 09:16:37.553146700
* socket wrench
 - Manufactured by: DeWalt
 - Count: 3
 - Id: e14a4a09-3a51-4aad-8fb3-2059ebfed234
Tool created at 2023-09-30 09:16:37.565804300
* stapler
 - Manufactured by: Swingline
 - Count: 2
 - Id: 29450e96-0b36-48fd-af3d-7e6353286863
Tool created at 2023-09-30 09:16:37.575316400
* hand saw
 - Manufactured by: Craftsman
 - Count: 1
 - Id: c2311e90-e613-49f9-9296-b564f3082877
Tool created at 2023-09-30 09:16:37.581316700
* hammer
 - Manufactured by: Craftsman
 - Count: 1
 - Id: 172a1ac2-3a2a-4adf-8559-43b2a3741fd0
Tool created at 2023-09-30 09:16:37.587314600
* hammer
 - Manufactured by: Craftsman
 - Count: 1
 - Id: b6e38720-cb14-4c7c-9783-e7fb5055d3e2
Tool created at 2023-09-30 09:16:37.605326500
* hand saw
 - Manufactured by: Craftsman
 - Count: 1
 - Id: 243a27f9-c327-4e5d-a822-b82831555844
Tool created at 2023-09-30 09:16:37.607326
* socket wrench
 - Manufactured by: DeWalt
 - Count: 1
 - Id: 44db2c36-b7cc-4bbc-a2f0-f788a9b5b67f
Tool created at 2023-09-30 09:16:37.610314900
* pry bar
 - Manufactured by: Stanley
 - Count: 2
 - Id: 44ff2fee-560a-46ef-a4f7-6db2316caf32
Tool created at 2023-09-30 09:16:37.614314
* hammer
 - Manufactured by: Vaughan
 - Count: 2
 - Id: 82452d49-354b-4b98-93ce-6c154886bcd9
Tool created at 2023-09-30 09:16:37.615316
* hammer
 - Manufactured by: Craftsman
 - Count: 1
 - Id: ebfd7222-cbdc-4526-8c85-6cfb5ec9fac5
Tool created at 2023-09-30 09:16:37.617314400
* hand saw
 - Manufactured by: Stanley
 - Count: 3
 - Id: ee485e9d-72be-4181-ba24-13bd32aaa7b8
Tool created at 2023-09-30 09:16:37.622313800
* power drill
 - Manufactured by: Milwaukee
 - Count: 2
 - Id: 94d4367d-c9dd-4ba9-a9e4-1b6792bf2fef
Tool created at 2023-09-30 09:16:37.622313800
* stapler
 - Manufactured by: DeWalt
 - Count: 2
 - Id: e6368352-f609-4ab7-b0ff-5318eee722db
Tool created at 2023-09-30 09:16:37.623315100
* socket wrench
 - Manufactured by: DeWalt
 - Count: 2
 - Id: c57c9891-c191-48c6-8877-2cc03f2d2bcb
Tool created at 2023-09-30 09:17:24.756214900
* socket wrench
 - Manufactured by: Craftsman
 - Count: 1
 - Id: 526718b0-a9b2-4b78-8e52-cdd214f551e1
Tool created at 2023-09-30 09:17:24.770236900
* socket wrench
 - Manufactured by: DeWalt
 - Count: 2
 - Id: 8b6232d0-772c-4e76-969a-f3af69f86fa9
Tool created at 2023-09-30 09:17:24.782659200
* power drill
 - Manufactured by: DeWalt
 - Count: 2
 - Id: c7faa89f-3ea1-450d-b44f-e1d5c5233d52
Tool created at 2023-09-30 09:17:24.784660800
* hand saw
 - Manufactured by: Craftsman
 - Count: 1
 - Id: 40f550d6-f5cb-4e2a-b149-b5cbb57ce20c
Tool created at 2023-09-30 09:17:24.785164700
* hammer
 - Manufactured by: Craftsman
 - Count: 1
 - Id: 9d34cf0e-553e-4fac-9caa-ed8280ac514a
Tool created at 2023-09-30 09:17:24.786168800
* stapler
 - Manufactured by: DeWalt
 - Count: 2
 - Id: 016de61e-c996-4913-9f4f-f77ba06baa6f
Tool created at 2023-09-30 09:17:24.806692800
* power drill
 - Manufactured by: DeWalt
 - Count: 1
 - Id: 4a6fa0dd-7f03-472f-a7a1-18d8d2872bfe
Tool created at 2023-09-30 09:17:24.807692300
* socket wrench
 - Manufactured by: DeWalt
 - Count: 3
 - Id: bee400ba-5378-4104-bbdd-b9f0144caa13
Tool created at 2023-09-30 09:17:24.820703400
* stapler
 - Manufactured by: Swingline
 - Count: 2
 - Id: aa4b9343-bdc0-4ac0-b43a-6eda39f5019e
Tool created at 2023-09-30 09:17:24.835241700
* hand saw
 - Manufactured by: Craftsman
 - Count: 1
 - Id: 62bd75c0-c179-47fa-a366-05aecdd054d1
Tool created at 2023-09-30 09:17:24.842753300
* hammer
 - Manufactured by: Craftsman
 - Count: 1
 - Id: 587e2f6b-181a-4531-a380-3ce792143cee
Tool created at 2023-09-30 09:17:24.852751300
* hammer
 - Manufactured by: Craftsman
 - Count: 1
 - Id: a027d404-76ab-4b45-b4d0-c9f2a5d70125
Tool created at 2023-09-30 09:17:24.873141100
* hand saw
 - Manufactured by: Craftsman
 - Count: 1
 - Id: f748f021-9e13-4299-9be9-f5a336c85d73
Tool created at 2023-09-30 09:17:24.875141700
* socket wrench
 - Manufactured by: DeWalt
 - Count: 1
 - Id: a3b54044-ece1-4486-9575-501b0fe3be1b
Tool created at 2023-09-30 09:17:24.879137800
* pry bar
 - Manufactured by: Stanley
 - Count: 2
 - Id: 18d1efa9-4e1b-4339-a4b7-c3c5fc057130
Tool created at 2023-09-30 09:17:24.884140500
* hammer
 - Manufactured by: Vaughan
 - Count: 2
 - Id: 7ad14711-1798-4667-b156-954a06710409
Tool created at 2023-09-30 09:17:24.885140200
* hammer
 - Manufactured by: Craftsman
 - Count: 1
 - Id: b581b2ad-6882-409c-b2a3-6608ad3e059f
Tool created at 2023-09-30 09:17:24.887140300
* hand saw
 - Manufactured by: Stanley
 - Count: 3
 - Id: 80487f5a-cce0-44e6-83f4-845395c768c0
Tool created at 2023-09-30 09:17:24.893138700
* power drill
 - Manufactured by: Milwaukee
 - Count: 2
 - Id: a8b0fb7b-476a-4999-bc11-d85e1f192286
Tool created at 2023-09-30 09:17:24.894140700
* stapler
 - Manufactured by: DeWalt
 - Count: 2
 - Id: ea96d18d-ad25-4e77-a6da-00bc4de537f1
Tool created at 2023-09-30 09:17:24.894140700
* socket wrench
 - Manufactured by: DeWalt
 - Count: 2
 - Id: 84cf33e1-f861-4e6c-8df6-53dde20d1fe1
Tool created at 2023-09-30 09:17:39.084931600
* socket wrench
 - Manufactured by: Craftsman
 - Count: 1
 - Id: f2e35673-ccea-4b7a-bc52-5d5cecd65152
Tool created at 2023-09-30 09:17:39.104514300
* socket wrench
 - Manufactured by: DeWalt
 - Count: 2
 - Id: f87a69dd-6873-4845-a983-27a29b26ad6e
Tool created at 2023-09-30 09:17:39.127933800
* power drill
 - Manufactured by: DeWalt
 - Count: 2
 - Id: 9224f2bf-5d1c-4950-ba36-ab1b64db2ba0
Tool created at 2023-09-30 09:17:39.131232700
* hand saw
 - Manufactured by: Craftsman
 - Count: 1
 - Id: f9bdaddc-40c0-4a17-9f4b-d799d22685d4
Tool created at 2023-09-30 09:17:39.133401
* hammer
 - Manufactured by: Craftsman
 - Count: 1
 - Id: 37accda6-3219-4565-93e9-d839fb4cc9af
Tool created at 2023-09-30 09:17:39.138168100
* stapler
 - Manufactured by: DeWalt
 - Count: 2
 - Id: 86b3fa98-ef97-4a0f-a0b2-3de978837378
Tool created at 2023-09-30 09:17:39.186755300
* power drill
 - Manufactured by: DeWalt
 - Count: 1
 - Id: 2ad57268-6d26-44a6-9c94-908d54d02c86
Tool created at 2023-09-30 09:17:39.188759900
* socket wrench
 - Manufactured by: DeWalt
 - Count: 3
 - Id: 77dd34be-b1e4-480d-910e-5246d62e1aee
Tool created at 2023-09-30 09:17:39.230656600
* stapler
 - Manufactured by: Swingline
 - Count: 2
 - Id: 7332b851-f319-4c35-b6c3-65c71625b10f
Tool created at 2023-09-30 09:17:39.269668
* hand saw
 - Manufactured by: Craftsman
 - Count: 1
 - Id: a681db5c-2a50-4c80-942c-7c40ad66f576
Tool created at 2023-09-30 09:17:39.290672200
* hammer
 - Manufactured by: Craftsman
 - Count: 1
 - Id: 96f8c2d0-029a-471f-8cbc-13f42ac2c677
Tool created at 2023-09-30 09:17:39.308198
* hammer
 - Manufactured by: Craftsman
 - Count: 1
 - Id: f5956116-75a3-4803-804b-3813dcea4f16
Tool created at 2023-09-30 09:17:39.358833700
* hand saw
 - Manufactured by: Craftsman
 - Count: 1
 - Id: d840f5df-a9e3-46f7-ba7c-b62a5261221a
Tool created at 2023-09-30 09:17:39.366089100
* socket wrench
 - Manufactured by: DeWalt
 - Count: 1
 - Id: 4a1931da-f5d2-498b-b256-4a265c6047dc
Tool created at 2023-09-30 09:17:39.373612900
* pry bar
 - Manufactured by: Stanley
 - Count: 2
 - Id: a57779a7-bd40-453a-8b7d-3bbd94af302d
Tool created at 2023-09-30 09:17:39.389576600
* hammer
 - Manufactured by: Vaughan
 - Count: 2
 - Id: bf4ab661-26e0-4584-a0c6-9b0718f2708e
Tool created at 2023-09-30 09:17:39.390584
* hammer
 - Manufactured by: Craftsman
 - Count: 1
 - Id: 4a734063-9256-443e-8b3b-166c5463ef2e
Tool created at 2023-09-30 09:17:39.393707600
* hand saw
 - Manufactured by: Stanley
 - Count: 3
 - Id: 77e3526b-6809-4fb5-a6ad-101eafcec43d
Tool created at 2023-09-30 09:17:39.406686800
* power drill
 - Manufactured by: Milwaukee
 - Count: 2
 - Id: 938d5d65-38a2-4e54-b714-dc69c3e7c53d
Tool created at 2023-09-30 09:17:39.408729600
* stapler
 - Manufactured by: DeWalt
 - Count: 2
 - Id: 2058cdf8-7d42-4727-92dd-ad752ba4572b
Tool created at 2023-09-30 09:17:39.409773900
* socket wrench
 - Manufactured by: DeWalt
 - Count: 2
 - Id: 75ea4c3c-7ea0-4f35-af3b-8bb14c86ce1c
Tool created at 2023-09-30 09:19:37.405225600
* socket wrench
 - Manufactured by: Craftsman
 - Count: 1
 - Id: ca45e752-475a-450b-a185-af717702dafd
Tool created at 2023-09-30 09:19:37.422417500
* socket wrench
 - Manufactured by: DeWalt
 - Count: 2
 - Id: 15fe7d2a-527a-4ff5-8686-2039649ef40a
Tool created at 2023-09-30 09:19:37.451258900
* power drill
 - Manufactured by: DeWalt
 - Count: 2
 - Id: 9eac0a36-f29f-40c8-9c71-4a84434cf393
Tool created at 2023-09-30 09:19:37.455629200
* hand saw
 - Manufactured by: Craftsman
 - Count: 1
 - Id: 66c529af-0bd2-4458-8b64-13bcd198b523
Tool created at 2023-09-30 09:19:37.456628600
* hammer
 - Manufactured by: Craftsman
 - Count: 1
 - Id: 86435816-61f3-4779-98a4-1750147e6efb
Tool created at 2023-09-30 09:19:37.458946300
* stapler
 - Manufactured by: DeWalt
 - Count: 2
 - Id: 21219de8-5160-4f04-a19b-effffe817791
Tool created at 2023-09-30 09:19:37.509504400
* power drill
 - Manufactured by: DeWalt
 - Count: 1
 - Id: 66c04f25-45f4-433a-badc-947af9fc5fb1
Tool created at 2023-09-30 09:19:37.510504800
* socket wrench
 - Manufactured by: DeWalt
 - Count: 3
 - Id: b645df0a-2c76-4c9e-a0bd-f603654eb8b2
Tool created at 2023-09-30 09:19:37.541528600
* stapler
 - Manufactured by: Swingline
 - Count: 2
 - Id: 210ca9bf-975f-472b-ab69-749f07ae3bc9
Tool created at 2023-09-30 09:19:37.564526800
* hand saw
 - Manufactured by: Craftsman
 - Count: 1
 - Id: 835cada2-51c3-4365-be30-05d944ba2595
Tool created at 2023-09-30 09:19:37.579349700
* hammer
 - Manufactured by: Craftsman
 - Count: 1
 - Id: d1536eeb-e4c3-48eb-aa60-7e1a501ca566
Tool created at 2023-09-30 09:19:37.596014800
* hammer
 - Manufactured by: Craftsman
 - Count: 1
 - Id: 635b2e2c-6afc-4308-9c99-56a9c51aa039
Tool created at 2023-09-30 09:19:37.628760500
* hand saw
 - Manufactured by: Craftsman
 - Count: 1
 - Id: 9e12b992-b0f3-4f03-aea6-cfba26980c7a
Tool created at 2023-09-30 09:19:37.631759700
* socket wrench
 - Manufactured by: DeWalt
 - Count: 1
 - Id: 251506c8-a84b-4035-a2a5-fe624fe2f266
Tool created at 2023-09-30 09:19:37.637975300
* pry bar
 - Manufactured by: Stanley
 - Count: 2
 - Id: a579d907-369a-435d-9f9d-6397d3d8542a
Tool created at 2023-09-30 09:19:37.645977100
* hammer
 - Manufactured by: Vaughan
 - Count: 2
 - Id: ff08d0da-699e-41a2-826b-134078a81416
Tool created at 2023-09-30 09:19:37.647999800
* hammer
 - Manufactured by: Craftsman
 - Count: 1
 - Id: 1e02dd63-ca52-46c9-a16c-6ee8cea87c42
Tool created at 2023-09-30 09:19:37.650975
* hand saw
 - Manufactured by: Stanley
 - Count: 3
 - Id: 96bcdcff-1b05-419c-a423-2f599a97b3b6
Tool created at 2023-09-30 09:19:37.661059300
* power drill
 - Manufactured by: Milwaukee
 - Count: 2
 - Id: aa619b5e-8ce1-432d-85f0-5131f8f1b17b
Tool created at 2023-09-30 09:19:37.664061200
* stapler
 - Manufactured by: DeWalt
 - Count: 2
 - Id: e7c43bb4-5ffa-4714-b8e8-053fb6b5aa5e
Tool created at 2023-09-30 09:19:37.665060300
* socket wrench
 - Manufactured by: DeWalt
 - Count: 2
 - Id: fed4e959-1598-45f4-b7fc-30ce60aa16a4
Tool created at 2023-09-30 09:20:44.639378800
* socket wrench
 - Manufactured by: Craftsman
 - Count: 1
 - Id: 79c6eb77-ab31-4c5c-91ae-e39e15079d82
Tool created at 2023-09-30 09:20:44.655753700
* socket wrench
 - Manufactured by: DeWalt
 - Count: 2
 - Id: 79290dcb-2b4f-44fc-bf3d-623e9bd3c06b
Tool created at 2023-09-30 09:20:44.680345700
* power drill
 - Manufactured by: DeWalt
 - Count: 2
 - Id: c42cafb2-da03-42f6-86a9-fcd274b68d39
Tool created at 2023-09-30 09:20:44.684342900
* hand saw
 - Manufactured by: Craftsman
 - Count: 1
 - Id: 9972a693-0c64-4e07-9755-14067751eb75
Tool created at 2023-09-30 09:20:44.685769800
* hammer
 - Manufactured by: Craftsman
 - Count: 1
 - Id: 3d9b96de-ea88-4dc6-ab28-17cdfbd33a1e
Tool created at 2023-09-30 09:20:44.687779200
* stapler
 - Manufactured by: DeWalt
 - Count: 2
 - Id: 86bea840-b84d-44b4-95a7-1cd4be41eef0
Tool created at 2023-09-30 09:20:44.723453700
* power drill
 - Manufactured by: DeWalt
 - Count: 1
 - Id: 420e9bae-824d-469e-8dfa-14c8f3cbac24
Tool created at 2023-09-30 09:20:44.724452800
* socket wrench
 - Manufactured by: DeWalt
 - Count: 3
 - Id: 88672ea2-b67e-494f-91ec-503a4a6aa032
Tool created at 2023-09-30 09:20:44.749974800
* stapler
 - Manufactured by: Swingline
 - Count: 2
 - Id: bb2b139d-2211-4842-bf43-a7616b919d43
Tool created at 2023-09-30 09:20:44.774007600
* hand saw
 - Manufactured by: Craftsman
 - Count: 1
 - Id: fb48db4a-cc0d-45c3-ba4b-45b21f50dd2d
Tool created at 2023-09-30 09:20:44.788050700
* hammer
 - Manufactured by: Craftsman
 - Count: 1
 - Id: c7221a65-5adc-4b23-abce-60f294d591c2
Tool created at 2023-09-30 09:20:44.802083900
* hammer
 - Manufactured by: Craftsman
 - Count: 1
 - Id: 94aa89b3-d606-4c5c-933f-add910fc3080
Tool created at 2023-09-30 09:20:44.835721200
* hand saw
 - Manufactured by: Craftsman
 - Count: 1
 - Id: cd639c44-6ebe-4729-9a06-dd526b25422e
Tool created at 2023-09-30 09:20:44.838731
* socket wrench
 - Manufactured by: DeWalt
 - Count: 1
 - Id: 3bbd645f-f605-4797-8a94-a1ccf7eacd5e
Tool created at 2023-09-30 09:20:44.843727200
* pry bar
 - Manufactured by: Stanley
 - Count: 2
 - Id: 11a6874b-8ec9-4f8f-87f1-0b493733bf28
Tool created at 2023-09-30 09:20:44.852243900
* hammer
 - Manufactured by: Vaughan
 - Count: 2
 - Id: 1896970f-54e1-40ae-ae2f-313087a000e7
Tool created at 2023-09-30 09:20:44.853252300
* hammer
 - Manufactured by: Craftsman
 - Count: 1
 - Id: 0484a03f-1e91-4cc1-b2f9-6b53fae167f4
Tool created at 2023-09-30 09:20:44.856251600
* hand saw
 - Manufactured by: Stanley
 - Count: 3
 - Id: 5040fd38-c925-49e6-bd52-eb9e82cbf525
Tool created at 2023-09-30 09:20:44.866335700
* power drill
 - Manufactured by: Milwaukee
 - Count: 2
 - Id: 9fe0f7ee-d70b-49f6-9e12-804f9bdf5ce3
Tool created at 2023-09-30 09:20:44.866335700
* stapler
 - Manufactured by: DeWalt
 - Count: 2
 - Id: 2ca68862-ab3e-47d2-ab4b-6a9dd71a94b0
Tool created at 2023-09-30 09:20:44.869851900
* socket wrench
 - Manufactured by: DeWalt
 - Count: 2
 - Id: fa20184d-1e3e-4429-95ae-004808a4a2bd
